#
# A fatal error has been detected by the Java Runtime Environment:
#
#  SIGSEGV (0xb) at pc=0xffffffffffffffff, pid=2696, tid=140288922216192
#
# JRE version: Java(TM) SE Runtime Environment (7.0_80-b15) (build 1.7.0_80-b15)
# Java VM: Java HotSpot(TM) 64-Bit Server VM (24.80-b11 mixed mode linux-amd64 compressed oops)
# Problematic frame:
# C  0xffffffffffffffff
#
# Failed to write core dump. Core dumps have been disabled. To enable core dumping, try "ulimit -c unlimited" before starting Java again
#
# If you would like to submit a bug report, please visit:
#   http://bugreport.java.com/bugreport/crash.jsp
#

---------------  T H R E A D  ---------------

Current thread (0x00007f97bc22f000):  JavaThread "JobScheduler FJ pool 2/4" daemon [_thread_in_Java, id=12242, stack(0x00007f978f4fe000,0x00007f978f5ff000)]

siginfo:si_signo=SIGSEGV: si_errno=0, si_code=1 (SEGV_MAPERR), si_addr=0xffffffffffffffff

Registers:
RAX=0x00000000bd685018, RBX=0x00007f978f5f9830, RCX=0x0000000000000006, RDX=0x00007f9812e48098
RSP=0x00007f978f5f9930, RBP=0x00000000d37eb160, RSI=0x00007f9812e48098, RDI=0x00007f978f5f98b0
R8 =0xffffffffffffffff, R9 =0x0000000000f47a40, R10=0x0000000000000000, R11=0x0000000000000000
R12=0x0000000000000000, R13=0x00007f98128d8268, R14=0x00007f978f5f9830, R15=0x00007f97bc22f000
RIP=0xffffffffffffffff, EFLAGS=0x0000000000010246, CSGSFS=0x0000000000000033, ERR=0x0000000000000015
  TRAPNO=0x000000000000000e

Top of Stack: (sp=0x00007f978f5f9930)
0x00007f978f5f9930:   00000000d0ad59a0 0000000000000000
0x00007f978f5f9940:   0000000000000000 0000000000000000
0x00007f978f5f9950:   00000000ce686c98 0000000000000000
0x00007f978f5f9960:   0000000000000000 00000000bd684ad0
0x00007f978f5f9970:   00000000cf813710 00007f98127ccff4
0x00007f978f5f9980:   00007f978f5f99e8 00007f9811f068e1
0x00007f978f5f9990:   00000000bd684a68 00000000cdad0aa0
0x00007f978f5f99a0:   00000000bd684d60 00007f978f5f99a8
0x00007f978f5f99b0:   0000000000000000 00000000bd684ff8
0x00007f978f5f99c0:   00000000d0ad59a0 00000000bd683770
0x00007f978f5f99d0:   00000000f19e9068 0000000000000000
0x00007f978f5f99e0:   00007f978f5f9a00 00000000f053b8d0
0x00007f978f5f99f0:   00000000cdea12c0 00007f981457c454
0x00007f978f5f9a00:   00000000bd684f90 00000000bd683758
0x00007f978f5f9a10:   00000000bd684a68 00000000bd684fe0
0x00007f978f5f9a20:   00000000cdad0aa0 00007f98bd683770
0x00007f978f5f9a30:   00000000bd684f90 0000000000000028
0x00007f978f5f9a40:   00000000d0acd638 0000000000000001
0x00007f978f5f9a50:   00007f978f5f9ac0 00007f9811f06058
0x00007f978f5f9a60:   000000000000001f 00007f9813a8d324
0x00007f978f5f9a70:   00000000cc0525d0 00007f9812ca3390
0x00007f978f5f9a80:   00000000bd683758 ef0f4188ef0f4188
0x00007f978f5f9a90:   00000000d0ad59c0 00000000ef0f4188
0x00007f978f5f9aa0:   00000000cc0525e0 00000000d0ad59c0
0x00007f978f5f9ab0:   00000000bd684f90 00000000ef0f4188
0x00007f978f5f9ac0:   00007f978f5f9ac0 00000000ef0f9209
0x00007f978f5f9ad0:   00007f978f5f9b20 00000001f078fb28
0x00007f978f5f9ae0:   00000000bd684a68 0000000000000001
0x00007f978f5f9af0:   0000000000000000 00007f978f5f9b10
0x00007f978f5f9b00:   00007f978f5f9b70 00007f9811f06350
0x00007f978f5f9b10:   00000000d0ad59a0 00007f9811f06350
0x00007f978f5f9b20:   00000000bd683770 00000000bd683758 

Instructions: (pc=0xffffffffffffffff)
0xffffffffffffffdf:   

Register to memory mapping:

RAX=
[error occurred during error reporting (printing register info), id 0xb]

Stack: [0x00007f978f4fe000,0x00007f978f5ff000],  sp=0x00007f978f5f9930,  free space=1006k
Native frames: (J=compiled Java code, j=interpreted, Vv=VM code, C=native code)
C  0xffffffffffffffff


---------------  P R O C E S S  ---------------

Java Threads: ( => current thread )
  0x00007f97c054f000 JavaThread "JobScheduler FJ pool 0/4" daemon [_thread_blocked, id=12243, stack(0x00007f97cc712000,0x00007f97cc813000)]
=>0x00007f97bc22f000 JavaThread "JobScheduler FJ pool 2/4" daemon [_thread_in_Java, id=12242, stack(0x00007f978f4fe000,0x00007f978f5ff000)]
  0x00007f9788618800 JavaThread "JobScheduler FJ pool 3/4" daemon [_thread_blocked, id=12238, stack(0x00007f9785b85000,0x00007f9785c86000)]
  0x00007f9788622800 JavaThread "JobScheduler FJ pool 1/4" daemon [_thread_blocked, id=12236, stack(0x00007f97cc010000,0x00007f97cc111000)]
  0x00007f97e8018000 JavaThread "ApplicationImpl pooled thread 83" daemon [_thread_blocked, id=11833, stack(0x00007f9785c86000,0x00007f9785d87000)]
  0x00007f97e8011000 JavaThread "process reaper" daemon [_thread_in_native, id=11823, stack(0x00007f97cf324000,0x00007f97cf35d000)]
  0x00007f9804558800 JavaThread "ApplicationImpl pooled thread 82" daemon [_thread_blocked, id=11751, stack(0x00007f9785e88000,0x00007f9785f89000)]
  0x00007f97b8002800 JavaThread "ApplicationImpl pooled thread 81" daemon [_thread_blocked, id=11683, stack(0x00007f9785d87000,0x00007f9785e88000)]
  0x00007f9804504800 JavaThread "ApplicationImpl pooled thread 80" daemon [_thread_blocked, id=11650, stack(0x00007f978608a000,0x00007f978618b000)]
  0x00007f9794149800 JavaThread "JDI Target VM Interface" daemon [_thread_in_native, id=11637, stack(0x00007f978ecf6000,0x00007f978edf7000)]
  0x00007f9794147000 JavaThread "JDI Internal Event Handler" daemon [_thread_blocked, id=11636, stack(0x00007f97cc4dc000,0x00007f97cc5dd000)]
  0x00007f97e8015000 JavaThread "process reaper" daemon [_thread_in_native, id=11598, stack(0x00007f980190b000,0x00007f9801944000)]
  0x00007f97e8017800 JavaThread "ApplicationImpl pooled thread 78" daemon [_thread_blocked, id=11386, stack(0x00007f978c2c2000,0x00007f978c3c3000)]
  0x00007f9798377800 JavaThread "ApplicationImpl pooled thread 76" daemon [_thread_blocked, id=11377, stack(0x00007f978d7c8000,0x00007f978d8c9000)]
  0x00007f97a0020800 JavaThread "ApplicationImpl pooled thread 73" daemon [_thread_blocked, id=11210, stack(0x00007f978d5c6000,0x00007f978d6c7000)]
  0x00007f97e8016000 JavaThread "ApplicationImpl pooled thread 72" daemon [_thread_blocked, id=11193, stack(0x00007f978698c000,0x00007f9786a8d000)]
  0x00007f97b0012800 JavaThread "ApplicationImpl pooled thread 65" daemon [_thread_blocked, id=10613, stack(0x00007f97ce666000,0x00007f97ce767000)]
  0x00007f97e8010800 JavaThread "ApplicationImpl pooled thread 64" daemon [_thread_blocked, id=10598, stack(0x00007f97cc98d000,0x00007f97cca8e000)]
  0x00007f97e800c800 JavaThread "ApplicationImpl pooled thread 63" daemon [_thread_blocked, id=10597, stack(0x00007f978d9ca000,0x00007f978dacb000)]
  0x00007f97f829e000 JavaThread "threadDeathWatcher-2-1" daemon [_thread_blocked, id=8639, stack(0x00007f978d4c5000,0x00007f978d5c6000)]
  0x00007f97b0011800 JavaThread "ApplicationImpl pooled thread 42" daemon [_thread_in_native, id=8614, stack(0x00007f97ce3ba000,0x00007f97ce4bb000)]
  0x00007f9793f38000 JavaThread "File type re-detect" daemon [_thread_blocked, id=4594, stack(0x00007f978d6c7000,0x00007f978d7c8000)]
  0x00007f9793f0b800 JavaThread "ApplicationImpl pooled thread 20" [_thread_blocked, id=4532, stack(0x00007f978ddce000,0x00007f978decf000)]
  0x00007f9793f09800 JavaThread "ApplicationImpl pooled thread 19" [_thread_blocked, id=4531, stack(0x00007f978decf000,0x00007f978dfd0000)]
  0x00007f9793e97000 JavaThread "process reaper" daemon [_thread_in_native, id=4529, stack(0x00007f97cf277000,0x00007f97cf2b0000)]
  0x00007f97b0010800 JavaThread "ApplicationImpl pooled thread 18" daemon [_thread_blocked, id=4344, stack(0x00007f978d8c9000,0x00007f978d9ca000)]
  0x00007f9793fbb800 JavaThread "RefCountingStorage write content helper" [_thread_blocked, id=3430, stack(0x00007f978e9f3000,0x00007f978eaf4000)]
  0x00007f9790179800 JavaThread "Icons" daemon [_thread_blocked, id=3420, stack(0x00007f978f3fd000,0x00007f978f4fe000)]
  0x00007f9793c23000 JavaThread "FS Synchronizer" daemon [_thread_blocked, id=3187, stack(0x00007f978dbcc000,0x00007f978dccd000)]
  0x00007f97d8228000 JavaThread "Change List Updater" daemon [_thread_blocked, id=3184, stack(0x00007f978dccd000,0x00007f978ddce000)]
  0x00007f9793b0d000 JavaThread "EditorNotifications executor" daemon [_thread_blocked, id=3173, stack(0x00007f978dfd0000,0x00007f978e0d1000)]
  0x00007f97bc003000 JavaThread "ApplicationImpl pooled thread 8" [_thread_blocked, id=3168, stack(0x00007f978e1d2000,0x00007f978e2d3000)]
  0x00007f97c02ed800 JavaThread "Encoding detection thread" daemon [_thread_blocked, id=3166, stack(0x00007f978e2d3000,0x00007f978e3d4000)]
  0x00007f9793872000 JavaThread "timer-int" daemon [_thread_blocked, id=3160, stack(0x00007f978eaf4000,0x00007f978ebf5000)]
  0x00007f9790159000 JavaThread "TimerQueue" daemon [_thread_blocked, id=3159, stack(0x00007f978ebf5000,0x00007f978ecf6000)]
  0x00007f9790224800 JavaThread "Animations" daemon [_thread_blocked, id=3145, stack(0x00007f978edf7000,0x00007f978eef8000)]
  0x00007f97b000f000 JavaThread "Alarm pool(shared)" daemon [_thread_blocked, id=3144, stack(0x00007f978eef8000,0x00007f978eff9000)]
  0x00007f9791945800 JavaThread "Document commit thread" [_thread_blocked, id=3118, stack(0x00007f97ce4c5000,0x00007f97ce5c6000)]
  0x00007f9790eeb000 JavaThread "FocusManager timer" daemon [_thread_blocked, id=3063, stack(0x00007f978eff9000,0x00007f978f0fa000)]
  0x00007f9790eea000 JavaThread "Shared SimpleTimer" daemon [_thread_blocked, id=3062, stack(0x00007f978f0fa000,0x00007f978f1fb000)]
  0x00007f97b000e000 JavaThread "ApplicationImpl pooled thread 5" daemon [_thread_in_native, id=3061, stack(0x00007f978f1fb000,0x00007f978f2fc000)]
  0x00007f9790e4a800 JavaThread "Performance watcher" [_thread_blocked, id=3059, stack(0x00007f978f2fc000,0x00007f978f3fd000)]
  0x00007f9790393800 JavaThread "StoreRefreshStatusThread" daemon [_thread_blocked, id=3022, stack(0x00007f97cc813000,0x00007f97cc914000)]
  0x00007f9790397000 JavaThread "ApplicationImpl pooled thread 3" [_thread_blocked, id=3021, stack(0x00007f97cf3c5000,0x00007f97cf4c6000)]
  0x00007f97905a5800 JavaThread "Flushing thread" daemon [_thread_blocked, id=3019, stack(0x00007f97cca8e000,0x00007f97ccb8f000)]
  0x00007f9790079800 JavaThread "ZipFileCache Dispose" daemon [_thread_blocked, id=3002, stack(0x00007f97cd46a000,0x00007f97cd56b000)]
  0x00007f9790022000 JavaThread "Periodic tasks thread" daemon [_thread_blocked, id=3000, stack(0x00007f97cec7e000,0x00007f97ced7f000)]
  0x00007f97c411d800 JavaThread "AWT-EventQueue-0 14.1.5#IU-141.2735.5, eap:false" [_thread_blocked, id=2999, stack(0x00007f97cda16000,0x00007f97cdb17000)]
  0x00007f97c4101800 JavaThread "AWT-Shutdown" [_thread_blocked, id=2998, stack(0x00007f97cdb17000,0x00007f97cdc18000)]
  0x00007f97c40ff800 JavaThread "SocketListenerThread" [_thread_in_native, id=2997, stack(0x00007f97cdd88000,0x00007f97cde89000)]
  0x00007f97c40fe800 JavaThread "SocketListenerThread" [_thread_in_native, id=2996, stack(0x00007f97cde89000,0x00007f97cdf8a000)]
  0x00007f97c40fe000 JavaThread "MessageDeliveryThread" [_thread_blocked, id=2995, stack(0x00007f97cdf8a000,0x00007f97ce08b000)]
  0x00007f97b4009000 JavaThread "Timer-0" daemon [_thread_blocked, id=2994, stack(0x00007f97ce08e000,0x00007f97ce18f000)]
  0x00007f97c40ed000 JavaThread "ApplicationImpl pooled thread 2" [_thread_blocked, id=2993, stack(0x00007f97ce18f000,0x00007f97ce290000)]
  0x00007f97c40ec800 JavaThread "ApplicationImpl pooled thread 1" [_thread_blocked, id=2992, stack(0x00007f97ce290000,0x00007f97ce391000)]
  0x00007f97c40bc800 JavaThread "Lock thread" [_thread_in_native, id=2990, stack(0x00007f97cf0a2000,0x00007f97cf1a3000)]
  0x00007f97c40b4800 JavaThread "process reaper" daemon [_thread_in_native, id=2989, stack(0x00007f97cf1a3000,0x00007f97cf1dc000)]
  0x00007f982000a800 JavaThread "DestroyJavaVM" [_thread_blocked, id=2697, stack(0x00007f98289bf000,0x00007f9828ac0000)]
  0x00007f98203e4000 JavaThread "AWT-XAWT" daemon [_thread_in_native, id=2982, stack(0x00007f97cf4c6000,0x00007f97cf5c7000)]
  0x00007f98203c2000 JavaThread "Java2D Disposer" daemon [_thread_blocked, id=2981, stack(0x00007f9800048000,0x00007f9800149000)]
  0x00007f98202a6000 JavaThread "ZipFileCache Dispose" daemon [_thread_blocked, id=2793, stack(0x00007f98019d6000,0x00007f9801ad7000)]
  0x00007f9820195800 JavaThread "Service Thread" daemon [_thread_blocked, id=2713, stack(0x00007f9810080000,0x00007f9810181000)]
  0x00007f9820193000 JavaThread "C2 CompilerThread1" daemon [_thread_blocked, id=2712, stack(0x00007f9810181000,0x00007f9810282000)]
  0x00007f9820190800 JavaThread "C2 CompilerThread0" daemon [_thread_blocked, id=2711, stack(0x00007f9810282000,0x00007f9810383000)]
  0x00007f982018e800 JavaThread "Signal Dispatcher" daemon [_thread_blocked, id=2710, stack(0x00007f9810383000,0x00007f9810484000)]
  0x00007f982018c800 JavaThread "Surrogate Locker Thread (Concurrent GC)" daemon [_thread_blocked, id=2709, stack(0x00007f9810484000,0x00007f9810585000)]
  0x00007f982016b800 JavaThread "Finalizer" daemon [_thread_blocked, id=2708, stack(0x00007f9810c67000,0x00007f9810d68000)]
  0x00007f9820169800 JavaThread "Reference Handler" daemon [_thread_blocked, id=2707, stack(0x00007f9810d68000,0x00007f9810e69000)]

Other Threads:
  0x00007f9820165000 VMThread [stack: 0x00007f9810e69000,0x00007f9810f6a000] [id=2706]
  0x00007f98201a1000 WatcherThread [stack: 0x00007f9801eff000,0x00007f9802000000] [id=2714]

VM state:not at safepoint (normal execution)

VM Mutex/Monitor currently owned by a thread: None

Heap
 par new generation   total 230400K, used 50440K [0x00000000bb400000, 0x00000000cae00000, 0x00000000cae00000)
  eden space 204800K,  17% used [0x00000000bb400000, 0x00000000bd7d9118, 0x00000000c7c00000)
  from space 25600K,  53% used [0x00000000c7c00000, 0x00000000c89691a0, 0x00000000c9500000)
  to   space 25600K,   0% used [0x00000000c9500000, 0x00000000c9500000, 0x00000000cae00000)
 concurrent mark-sweep generation total 512000K, used 272403K [0x00000000cae00000, 0x00000000ea200000, 0x00000000ea200000)
 concurrent-mark-sweep perm gen total 332824K, used 201588K [0x00000000ea200000, 0x00000000fe706000, 0x0000000100000000)

Card table byte_map: [0x00007f9825300000,0x00007f9825527000] byte_map_base: 0x00007f9824d26000

Polling page: 0x00007f9828adf000

Code Cache  [0x00007f9811f00000, 0x00007f9814590000, 0x00007f9820000000)
 total_blobs=10318 nmethods=9192 adapters=1074 free_code_cache=191435Kb largest_free_block=195521344

Compilation events (10 events):
Event: 23281,200 Thread 0x00007f9820190800 nmethod 12570 0x00007f9813378010 code [0x00007f9813378200, 0x00007f98133790e8]
Event: 23281,200 Thread 0x00007f9820190800 12572             com.intellij.openapi.util.text.StringUtil$7::<init> (10 bytes)
Event: 23281,200 Thread 0x00007f9820190800 nmethod 12572 0x00007f9813431f50 code [0x00007f9813432080, 0x00007f98134320f8]
Event: 23281,264 Thread 0x00007f9820193000 nmethod 12571 0x00007f9813fee150 code [0x00007f9813fee6a0, 0x00007f9813ff1618]
Event: 23281,964 Thread 0x00007f9820190800 12573             com.intellij.util.xml.impl.DomInvocationHandler::getXmlElement (10 bytes)
Event: 23281,966 Thread 0x00007f9820190800 nmethod 12573 0x00007f9813431c50 code [0x00007f9813431da0, 0x00007f9813431e58]
Event: 23282,569 Thread 0x00007f9820193000 12574   !         com.intellij.openapi.vfs.newvfs.persistent.PersistentFSImpl::findRoot (608 bytes)
Event: 23282,599 Thread 0x00007f9820193000 nmethod 12574 0x00007f98123e2dd0 code [0x00007f98123e3100, 0x00007f98123e3f78]
Event: 23282,650 Thread 0x00007f9820190800 12575             com.intellij.util.xml.impl.DomInvocationHandler::getXmlTag (8 bytes)
Event: 23282,651 Thread 0x00007f9820190800 nmethod 12575 0x00007f98134318d0 code [0x00007f9813431a20, 0x00007f9813431af8]

GC Heap History (10 events):
Event: 23263,339 GC heap before
{Heap before GC invocations=559 (full 17):
 par new generation   total 230400K, used 216341K [0x00000000bb400000, 0x00000000cae00000, 0x00000000cae00000)
  eden space 204800K, 100% used [0x00000000bb400000, 0x00000000c7c00000, 0x00000000c7c00000)
  from space 25600K,  45% used [0x00000000c9500000, 0x00000000ca045600, 0x00000000cae00000)
  to   space 25600K,   0% used [0x00000000c7c00000, 0x00000000c7c00000, 0x00000000c9500000)
 concurrent mark-sweep generation total 512000K, used 267082K [0x00000000cae00000, 0x00000000ea200000, 0x00000000ea200000)
 concurrent-mark-sweep perm gen total 332824K, used 201551K [0x00000000ea200000, 0x00000000fe706000, 0x0000000100000000)
Event: 23263,363 GC heap after
Heap after GC invocations=560 (full 17):
 par new generation   total 230400K, used 19014K [0x00000000bb400000, 0x00000000cae00000, 0x00000000cae00000)
  eden space 204800K,   0% used [0x00000000bb400000, 0x00000000bb400000, 0x00000000c7c00000)
  from space 25600K,  74% used [0x00000000c7c00000, 0x00000000c8e91b78, 0x00000000c9500000)
  to   space 25600K,   0% used [0x00000000c9500000, 0x00000000c9500000, 0x00000000cae00000)
 concurrent mark-sweep generation total 512000K, used 267193K [0x00000000cae00000, 0x00000000ea200000, 0x00000000ea200000)
 concurrent-mark-sweep perm gen total 332824K, used 201551K [0x00000000ea200000, 0x00000000fe706000, 0x0000000100000000)
}
Event: 23266,299 GC heap before
{Heap before GC invocations=560 (full 17):
 par new generation   total 230400K, used 223814K [0x00000000bb400000, 0x00000000cae00000, 0x00000000cae00000)
  eden space 204800K, 100% used [0x00000000bb400000, 0x00000000c7c00000, 0x00000000c7c00000)
  from space 25600K,  74% used [0x00000000c7c00000, 0x00000000c8e91b78, 0x00000000c9500000)
  to   space 25600K,   0% used [0x00000000c9500000, 0x00000000c9500000, 0x00000000cae00000)
 concurrent mark-sweep generation total 512000K, used 267193K [0x00000000cae00000, 0x00000000ea200000, 0x00000000ea200000)
 concurrent-mark-sweep perm gen total 332824K, used 201563K [0x00000000ea200000, 0x00000000fe706000, 0x0000000100000000)
Event: 23266,350 GC heap after
Heap after GC invocations=561 (full 17):
 par new generation   total 230400K, used 16231K [0x00000000bb400000, 0x00000000cae00000, 0x00000000cae00000)
  eden space 204800K,   0% used [0x00000000bb400000, 0x00000000bb400000, 0x00000000c7c00000)
  from space 25600K,  63% used [0x00000000c9500000, 0x00000000ca4d9cd8, 0x00000000cae00000)
  to   space 25600K,   0% used [0x00000000c7c00000, 0x00000000c7c00000, 0x00000000c9500000)
 concurrent mark-sweep generation total 512000K, used 269921K [0x00000000cae00000, 0x00000000ea200000, 0x00000000ea200000)
 concurrent-mark-sweep perm gen total 332824K, used 201563K [0x00000000ea200000, 0x00000000fe706000, 0x0000000100000000)
}
Event: 23268,415 GC heap before
{Heap before GC invocations=561 (full 17):
 par new generation   total 230400K, used 221031K [0x00000000bb400000, 0x00000000cae00000, 0x00000000cae00000)
  eden space 204800K, 100% used [0x00000000bb400000, 0x00000000c7c00000, 0x00000000c7c00000)
  from space 25600K,  63% used [0x00000000c9500000, 0x00000000ca4d9cd8, 0x00000000cae00000)
  to   space 25600K,   0% used [0x00000000c7c00000, 0x00000000c7c00000, 0x00000000c9500000)
 concurrent mark-sweep generation total 512000K, used 269921K [0x00000000cae00000, 0x00000000ea200000, 0x00000000ea200000)
 concurrent-mark-sweep perm gen total 332824K, used 201566K [0x00000000ea200000, 0x00000000fe706000, 0x0000000100000000)
Event: 23268,438 GC heap after
Heap after GC invocations=562 (full 17):
 par new generation   total 230400K, used 14419K [0x00000000bb400000, 0x00000000cae00000, 0x00000000cae00000)
  eden space 204800K,   0% used [0x00000000bb400000, 0x00000000bb400000, 0x00000000c7c00000)
  from space 25600K,  56% used [0x00000000c7c00000, 0x00000000c8a14e90, 0x00000000c9500000)
  to   space 25600K,   0% used [0x00000000c9500000, 0x00000000c9500000, 0x00000000cae00000)
 concurrent mark-sweep generation total 512000K, used 269921K [0x00000000cae00000, 0x00000000ea200000, 0x00000000ea200000)
 concurrent-mark-sweep perm gen total 332824K, used 201566K [0x00000000ea200000, 0x00000000fe706000, 0x0000000100000000)
}
Event: 23278,074 GC heap before
{Heap before GC invocations=562 (full 17):
 par new generation   total 230400K, used 219219K [0x00000000bb400000, 0x00000000cae00000, 0x00000000cae00000)
  eden space 204800K, 100% used [0x00000000bb400000, 0x00000000c7c00000, 0x00000000c7c00000)
  from space 25600K,  56% used [0x00000000c7c00000, 0x00000000c8a14e90, 0x00000000c9500000)
  to   space 25600K,   0% used [0x00000000c9500000, 0x00000000c9500000, 0x00000000cae00000)
 concurrent mark-sweep generation total 512000K, used 269921K [0x00000000cae00000, 0x00000000ea200000, 0x00000000ea200000)
 concurrent-mark-sweep perm gen total 332824K, used 201577K [0x00000000ea200000, 0x00000000fe706000, 0x0000000100000000)
Event: 23278,101 GC heap after
Heap after GC invocations=563 (full 17):
 par new generation   total 230400K, used 22207K [0x00000000bb400000, 0x00000000cae00000, 0x00000000cae00000)
  eden space 204800K,   0% used [0x00000000bb400000, 0x00000000bb400000, 0x00000000c7c00000)
  from space 25600K,  86% used [0x00000000c9500000, 0x00000000caaafe10, 0x00000000cae00000)
  to   space 25600K,   0% used [0x00000000c7c00000, 0x00000000c7c00000, 0x00000000c9500000)
 concurrent mark-sweep generation total 512000K, used 269921K [0x00000000cae00000, 0x00000000ea200000, 0x00000000ea200000)
 concurrent-mark-sweep perm gen total 332824K, used 201577K [0x00000000ea200000, 0x00000000fe706000, 0x0000000100000000)
}
Event: 23282,605 GC heap before
{Heap before GC invocations=563 (full 17):
 par new generation   total 230400K, used 227007K [0x00000000bb400000, 0x00000000cae00000, 0x00000000cae00000)
  eden space 204800K, 100% used [0x00000000bb400000, 0x00000000c7c00000, 0x00000000c7c00000)
  from space 25600K,  86% used [0x00000000c9500000, 0x00000000caaafe10, 0x00000000cae00000)
  to   space 25600K,   0% used [0x00000000c7c00000, 0x00000000c7c00000, 0x00000000c9500000)
 concurrent mark-sweep generation total 512000K, used 269921K [0x00000000cae00000, 0x00000000ea200000, 0x00000000ea200000)
 concurrent-mark-sweep perm gen total 332824K, used 201588K [0x00000000ea200000, 0x00000000fe706000, 0x0000000100000000)
Event: 23282,629 GC heap after
Heap after GC invocations=564 (full 17):
 par new generation   total 230400K, used 13732K [0x00000000bb400000, 0x00000000cae00000, 0x00000000cae00000)
  eden space 204800K,   0% used [0x00000000bb400000, 0x00000000bb400000, 0x00000000c7c00000)
  from space 25600K,  53% used [0x00000000c7c00000, 0x00000000c89691a0, 0x00000000c9500000)
  to   space 25600K,   0% used [0x00000000c9500000, 0x00000000c9500000, 0x00000000cae00000)
 concurrent mark-sweep generation total 512000K, used 272403K [0x00000000cae00000, 0x00000000ea200000, 0x00000000ea200000)
 concurrent-mark-sweep perm gen total 332824K, used 201588K [0x00000000ea200000, 0x00000000fe706000, 0x0000000100000000)
}

Deoptimization events (10 events):
Event: 23261,968 Thread 0x00007f9788618800 Uncommon trap: reason=null_check action=make_not_entrant pc=0x00007f981326ea94 method=com.intellij.javaee.facet.JavaeeFacetUtilImpl.getJavaeeFacet(Lcom/intellij/openapi/vfs/VirtualFile;Lcom/intellij/facet/FacetTypeId;Lcom/intellij/openapi/project/Project;
Event: 23262,057 Thread 0x00007f97c054f000 Uncommon trap: reason=unhandled action=reinterpret pc=0x00007f98131d7028 method=java.lang.invoke.CallSite.<init>(Ljava/lang/invoke/MethodHandle;)V @ 11
Event: 23265,386 Thread 0x00007f982044b800 Uncommon trap: reason=unhandled action=reinterpret pc=0x00007f9813a5ed78 method=java.lang.invoke.CallSite.<init>(Ljava/lang/invoke/MethodHandle;)V @ 11
Event: 23273,000 Thread 0x00007f9788622800 Uncommon trap: reason=unstable_if action=reinterpret pc=0x00007f98131e0790 method=gnu.trove.THashMap.forEachEntry(Lgnu/trove/TObjectObjectProcedure;)Z @ 36
Event: 23278,575 Thread 0x00007f97c411d800 Uncommon trap: reason=class_check action=maybe_recompile pc=0x00007f9812c49908 method=com.intellij.psi.impl.smartPointers.SmartPointerManagerImpl.fastenBelts(Lcom/intellij/openapi/vfs/VirtualFile;I[Lcom/intellij/openapi/editor/RangeMarker;)V @ 117
Event: 23278,579 Thread 0x00007f97c411d800 Uncommon trap: reason=class_check action=maybe_recompile pc=0x00007f981417d03c method=com.intellij.psi.impl.smartPointers.SmartPointerManagerImpl.unfastenBelts(Lcom/intellij/openapi/vfs/VirtualFile;I)V @ 115
Event: 23280,216 Thread 0x00007f97c411d800 Uncommon trap: reason=class_check action=maybe_recompile pc=0x00007f9812c49908 method=com.intellij.psi.impl.smartPointers.SmartPointerManagerImpl.fastenBelts(Lcom/intellij/openapi/vfs/VirtualFile;I[Lcom/intellij/openapi/editor/RangeMarker;)V @ 117
Event: 23280,217 Thread 0x00007f97c411d800 Uncommon trap: reason=class_check action=maybe_recompile pc=0x00007f981417d03c method=com.intellij.psi.impl.smartPointers.SmartPointerManagerImpl.unfastenBelts(Lcom/intellij/openapi/vfs/VirtualFile;I)V @ 115
Event: 23281,993 Thread 0x00007f97c411d800 Uncommon trap: reason=class_check action=maybe_recompile pc=0x00007f9812c49908 method=com.intellij.psi.impl.smartPointers.SmartPointerManagerImpl.fastenBelts(Lcom/intellij/openapi/vfs/VirtualFile;I[Lcom/intellij/openapi/editor/RangeMarker;)V @ 117
Event: 23281,995 Thread 0x00007f97c411d800 Uncommon trap: reason=class_check action=maybe_recompile pc=0x00007f981417d03c method=com.intellij.psi.impl.smartPointers.SmartPointerManagerImpl.unfastenBelts(Lcom/intellij/openapi/vfs/VirtualFile;I)V @ 115

Internal exceptions (10 events):
Event: 23235,220 Thread 0x00007f97c40ff800 Threw 0x00000000c2d18838 at /HUDSON/workspace/7u-2-build-linux-amd64/jdk7u80/2329/hotspot/src/share/vm/prims/jni.cpp:743
Event: 23235,243 Thread 0x00007f97c40fe800 Threw 0x00000000c2d1b780 at /HUDSON/workspace/7u-2-build-linux-amd64/jdk7u80/2329/hotspot/src/share/vm/prims/jni.cpp:743
Event: 23245,229 Thread 0x00007f97c40ff800 Threw 0x00000000c2d18af8 at /HUDSON/workspace/7u-2-build-linux-amd64/jdk7u80/2329/hotspot/src/share/vm/prims/jni.cpp:743
Event: 23245,250 Thread 0x00007f97c40fe800 Threw 0x00000000c2d1ba40 at /HUDSON/workspace/7u-2-build-linux-amd64/jdk7u80/2329/hotspot/src/share/vm/prims/jni.cpp:743
Event: 23255,238 Thread 0x00007f97c40ff800 Threw 0x00000000c63707a8 at /HUDSON/workspace/7u-2-build-linux-amd64/jdk7u80/2329/hotspot/src/share/vm/prims/jni.cpp:743
Event: 23255,258 Thread 0x00007f97c40fe800 Threw 0x00000000c63736f0 at /HUDSON/workspace/7u-2-build-linux-amd64/jdk7u80/2329/hotspot/src/share/vm/prims/jni.cpp:743
Event: 23265,246 Thread 0x00007f97c40ff800 Threw 0x00000000c40f17d8 at /HUDSON/workspace/7u-2-build-linux-amd64/jdk7u80/2329/hotspot/src/share/vm/prims/jni.cpp:743
Event: 23265,267 Thread 0x00007f97c40fe800 Threw 0x00000000c40f4720 at /HUDSON/workspace/7u-2-build-linux-amd64/jdk7u80/2329/hotspot/src/share/vm/prims/jni.cpp:743
Event: 23275,256 Thread 0x00007f97c40ff800 Threw 0x00000000c7178438 at /HUDSON/workspace/7u-2-build-linux-amd64/jdk7u80/2329/hotspot/src/share/vm/prims/jni.cpp:743
Event: 23275,276 Thread 0x00007f97c40fe800 Threw 0x00000000c717be80 at /HUDSON/workspace/7u-2-build-linux-amd64/jdk7u80/2329/hotspot/src/share/vm/prims/jni.cpp:743

Events (10 events):
Event: 23282,473 Executing VM operation: RevokeBias
Event: 23282,474 Executing VM operation: RevokeBias done
Event: 23282,474 Executing VM operation: RevokeBias
Event: 23282,475 Executing VM operation: RevokeBias done
Event: 23282,605 Executing VM operation: GenCollectForAllocation
Event: 23282,629 Executing VM operation: GenCollectForAllocation done
Event: 23283,339 Executing VM operation: RevokeBias
Event: 23283,339 Executing VM operation: RevokeBias done
Event: 23283,372 Executing VM operation: RevokeBias
Event: 23283,373 Executing VM operation: RevokeBias done


Dynamic libraries:
00400000-00401000 r-xp 00000000 08:09 22726532                           /usr/lib/jvm/java-7-oracle/bin/java
00600000-00601000 rw-p 00000000 08:09 22726532                           /usr/lib/jvm/java-7-oracle/bin/java
0152e000-0316b000 rw-p 00000000 00:00 0                                  [heap]
bb400000-cae00000 rw-p 00000000 00:00 0 
cae00000-ea200000 rw-p 00000000 00:00 0 
ea200000-fe706000 rw-p 00000000 00:00 0 
fe706000-100000000 rw-p 00000000 00:00 0 
7f9785703000-7f9785706000 ---p 00000000 00:00 0 
7f9785706000-7f9785b85000 rw-p 00000000 00:00 0 
7f9785b85000-7f9785b88000 ---p 00000000 00:00 0 
7f9785b88000-7f9785c86000 rw-p 00000000 00:00 0                          [stack:12238]
7f9785c86000-7f9785c89000 ---p 00000000 00:00 0 
7f9785c89000-7f9785d87000 rw-p 00000000 00:00 0                          [stack:11833]
7f9785d87000-7f9785d8a000 ---p 00000000 00:00 0 
7f9785d8a000-7f9785e88000 rw-p 00000000 00:00 0                          [stack:11683]
7f9785e88000-7f9785e8b000 ---p 00000000 00:00 0 
7f9785e8b000-7f9785f89000 rw-p 00000000 00:00 0                          [stack:11751]
7f9785f89000-7f9785f8c000 ---p 00000000 00:00 0 
7f9785f8c000-7f978608a000 rw-p 00000000 00:00 0 
7f978608a000-7f978608d000 ---p 00000000 00:00 0 
7f978608d000-7f978618b000 rw-p 00000000 00:00 0                          [stack:11650]
7f978618b000-7f978618c000 ---p 00000000 00:00 0 
7f978618c000-7f978698c000 rw-p 00000000 00:00 0                          [stack:10746]
7f978698c000-7f978698f000 ---p 00000000 00:00 0 
7f978698f000-7f9786a8d000 rw-p 00000000 00:00 0                          [stack:11193]
7f9786a8d000-7f9786aca000 r-xp 00000000 08:09 28108703                   /lib/x86_64-linux-gnu/libpcre.so.3.13.1
7f9786aca000-7f9786cc9000 ---p 0003d000 08:09 28108703                   /lib/x86_64-linux-gnu/libpcre.so.3.13.1
7f9786cc9000-7f9786cca000 r--p 0003c000 08:09 28108703                   /lib/x86_64-linux-gnu/libpcre.so.3.13.1
7f9786cca000-7f9786ccb000 rw-p 0003d000 08:09 28108703                   /lib/x86_64-linux-gnu/libpcre.so.3.13.1
7f9786ccb000-7f9786cd2000 r-xp 00000000 08:09 19176536                   /usr/lib/x86_64-linux-gnu/libffi.so.6.0.1
7f9786cd2000-7f9786ed1000 ---p 00007000 08:09 19176536                   /usr/lib/x86_64-linux-gnu/libffi.so.6.0.1
7f9786ed1000-7f9786ed2000 r--p 00006000 08:09 19176536                   /usr/lib/x86_64-linux-gnu/libffi.so.6.0.1
7f9786ed2000-7f9786ed3000 rw-p 00007000 08:09 19176536                   /usr/lib/x86_64-linux-gnu/libffi.so.6.0.1
7f9786ed3000-7f9786ef3000 r-xp 00000000 08:09 28108340                   /lib/x86_64-linux-gnu/libselinux.so.1
7f9786ef3000-7f97870f2000 ---p 00020000 08:09 28108340                   /lib/x86_64-linux-gnu/libselinux.so.1
7f97870f2000-7f97870f3000 r--p 0001f000 08:09 28108340                   /lib/x86_64-linux-gnu/libselinux.so.1
7f97870f3000-7f97870f4000 rw-p 00020000 08:09 28108340                   /lib/x86_64-linux-gnu/libselinux.so.1
7f97870f4000-7f97870f6000 rw-p 00000000 00:00 0 
7f97870f6000-7f978710e000 r-xp 00000000 08:09 28108373                   /lib/x86_64-linux-gnu/libz.so.1.2.8
7f978710e000-7f978730d000 ---p 00018000 08:09 28108373                   /lib/x86_64-linux-gnu/libz.so.1.2.8
7f978730d000-7f978730e000 r--p 00017000 08:09 28108373                   /lib/x86_64-linux-gnu/libz.so.1.2.8
7f978730e000-7f978730f000 rw-p 00018000 08:09 28108373                   /lib/x86_64-linux-gnu/libz.so.1.2.8
7f978730f000-7f9787312000 r-xp 00000000 08:09 19182032                   /usr/lib/x86_64-linux-gnu/libgmodule-2.0.so.0.4002.0
7f9787312000-7f9787511000 ---p 00003000 08:09 19182032                   /usr/lib/x86_64-linux-gnu/libgmodule-2.0.so.0.4002.0
7f9787511000-7f9787512000 r--p 00002000 08:09 19182032                   /usr/lib/x86_64-linux-gnu/libgmodule-2.0.so.0.4002.0
7f9787512000-7f9787513000 rw-p 00003000 08:09 19182032                   /usr/lib/x86_64-linux-gnu/libgmodule-2.0.so.0.4002.0
7f9787513000-7f9787619000 r-xp 00000000 08:09 28108241                   /lib/x86_64-linux-gnu/libglib-2.0.so.0.4002.0
7f9787619000-7f9787818000 ---p 00106000 08:09 28108241                   /lib/x86_64-linux-gnu/libglib-2.0.so.0.4002.0
7f9787818000-7f9787819000 r--p 00105000 08:09 28108241                   /lib/x86_64-linux-gnu/libglib-2.0.so.0.4002.0
7f9787819000-7f978781a000 rw-p 00106000 08:09 28108241                   /lib/x86_64-linux-gnu/libglib-2.0.so.0.4002.0
7f978781a000-7f978781b000 rw-p 00000000 00:00 0 
7f978781b000-7f978786a000 r-xp 00000000 08:09 19182048                   /usr/lib/x86_64-linux-gnu/libgobject-2.0.so.0.4002.0
7f978786a000-7f9787a6a000 ---p 0004f000 08:09 19182048                   /usr/lib/x86_64-linux-gnu/libgobject-2.0.so.0.4002.0
7f9787a6a000-7f9787a6b000 r--p 0004f000 08:09 19182048                   /usr/lib/x86_64-linux-gnu/libgobject-2.0.so.0.4002.0
7f9787a6b000-7f9787a6c000 rw-p 00050000 08:09 19182048                   /usr/lib/x86_64-linux-gnu/libgobject-2.0.so.0.4002.0
7f9787a6c000-7f9787bd8000 r-xp 00000000 08:09 19182020                   /usr/lib/x86_64-linux-gnu/libgio-2.0.so.0.4002.0
7f9787bd8000-7f9787dd7000 ---p 0016c000 08:09 19182020                   /usr/lib/x86_64-linux-gnu/libgio-2.0.so.0.4002.0
7f9787dd7000-7f9787ddb000 r--p 0016b000 08:09 19182020                   /usr/lib/x86_64-linux-gnu/libgio-2.0.so.0.4002.0
7f9787ddb000-7f9787ddd000 rw-p 0016f000 08:09 19182020                   /usr/lib/x86_64-linux-gnu/libgio-2.0.so.0.4002.0
7f9787ddd000-7f9787ddf000 rw-p 00000000 00:00 0 
7f9787ddf000-7f9787dff000 r-xp 00000000 08:09 19181016                   /usr/lib/x86_64-linux-gnu/libgdk_pixbuf-2.0.so.0.3000.7
7f9787dff000-7f9787ffe000 ---p 00020000 08:09 19181016                   /usr/lib/x86_64-linux-gnu/libgdk_pixbuf-2.0.so.0.3000.7
7f9787ffe000-7f9787fff000 r--p 0001f000 08:09 19181016                   /usr/lib/x86_64-linux-gnu/libgdk_pixbuf-2.0.so.0.3000.7
7f9787fff000-7f9788000000 rw-p 00020000 08:09 19181016                   /usr/lib/x86_64-linux-gnu/libgdk_pixbuf-2.0.so.0.3000.7
7f9788000000-7f9788634000 rw-p 00000000 00:00 0 
7f9788634000-7f978c000000 ---p 00000000 00:00 0 
7f978c0ba000-7f978c0c0000 r-xp 00000000 08:09 19182330                   /usr/lib/x86_64-linux-gnu/libnotify.so.4.0.0
7f978c0c0000-7f978c2c0000 ---p 00006000 08:09 19182330                   /usr/lib/x86_64-linux-gnu/libnotify.so.4.0.0
7f978c2c0000-7f978c2c1000 r--p 00006000 08:09 19182330                   /usr/lib/x86_64-linux-gnu/libnotify.so.4.0.0
7f978c2c1000-7f978c2c2000 rw-p 00007000 08:09 19182330                   /usr/lib/x86_64-linux-gnu/libnotify.so.4.0.0
7f978c2c2000-7f978c2c5000 ---p 00000000 00:00 0 
7f978c2c5000-7f978d3c4000 rw-p 00000000 00:00 0                          [stack:11386]
7f978d3c4000-7f978d3c7000 ---p 00000000 00:00 0 
7f978d3c7000-7f978d4c5000 rw-p 00000000 00:00 0 
7f978d4c5000-7f978d4c8000 ---p 00000000 00:00 0 
7f978d4c8000-7f978d5c6000 rw-p 00000000 00:00 0                          [stack:8639]
7f978d5c6000-7f978d5c9000 ---p 00000000 00:00 0 
7f978d5c9000-7f978d6c7000 rw-p 00000000 00:00 0                          [stack:11210]
7f978d6c7000-7f978d6ca000 ---p 00000000 00:00 0 
7f978d6ca000-7f978d7c8000 rw-p 00000000 00:00 0                          [stack:4594]
7f978d7c8000-7f978d7cb000 ---p 00000000 00:00 0 
7f978d7cb000-7f978d8c9000 rw-p 00000000 00:00 0                          [stack:11377]
7f978d8c9000-7f978d8cc000 ---p 00000000 00:00 0 
7f978d8cc000-7f978d9ca000 rw-p 00000000 00:00 0                          [stack:4344]
7f978d9ca000-7f978d9cd000 ---p 00000000 00:00 0 
7f978d9cd000-7f978dacb000 rw-p 00000000 00:00 0                          [stack:10597]
7f978dacb000-7f978dace000 ---p 00000000 00:00 0 
7f978dace000-7f978dbcc000 rw-p 00000000 00:00 0 
7f978dbcc000-7f978dbcf000 ---p 00000000 00:00 0 
7f978dbcf000-7f978dccd000 rw-p 00000000 00:00 0                          [stack:3187]
7f978dccd000-7f978dcd0000 ---p 00000000 00:00 0 
7f978dcd0000-7f978ddce000 rw-p 00000000 00:00 0                          [stack:3184]
7f978ddce000-7f978ddd1000 ---p 00000000 00:00 0 
7f978ddd1000-7f978decf000 rw-p 00000000 00:00 0                          [stack:4532]
7f978decf000-7f978ded2000 ---p 00000000 00:00 0 
7f978ded2000-7f978dfd0000 rw-p 00000000 00:00 0                          [stack:4531]
7f978dfd0000-7f978dfd3000 ---p 00000000 00:00 0 
7f978dfd3000-7f978e0d1000 rw-p 00000000 00:00 0                          [stack:3173]
7f978e0d1000-7f978e0d4000 ---p 00000000 00:00 0 
7f978e0d4000-7f978e1d2000 rw-p 00000000 00:00 0 
7f978e1d2000-7f978e1d5000 ---p 00000000 00:00 0 
7f978e1d5000-7f978e2d3000 rw-p 00000000 00:00 0                          [stack:3168]
7f978e2d3000-7f978e2d6000 ---p 00000000 00:00 0 
7f978e2d6000-7f978e3d4000 rw-p 00000000 00:00 0                          [stack:3166]
7f978e3d4000-7f978e766000 rw-s 00000000 00:04 2261013                    /SYSV00000000 (deleted)
7f978e7c6000-7f978e7f0000 r-xp 00000000 08:09 22725343                   /usr/lib/jvm/java-7-oracle/jre/lib/amd64/libdcpr.so
7f978e7f0000-7f978e9f0000 ---p 0002a000 08:09 22725343                   /usr/lib/jvm/java-7-oracle/jre/lib/amd64/libdcpr.so
7f978e9f0000-7f978e9f3000 rw-p 0002a000 08:09 22725343                   /usr/lib/jvm/java-7-oracle/jre/lib/amd64/libdcpr.so
7f978e9f3000-7f978e9f6000 ---p 00000000 00:00 0 
7f978e9f6000-7f978eaf4000 rw-p 00000000 00:00 0                          [stack:3430]
7f978eaf4000-7f978eaf7000 ---p 00000000 00:00 0 
7f978eaf7000-7f978ebf5000 rw-p 00000000 00:00 0                          [stack:3160]
7f978ebf5000-7f978ebf8000 ---p 00000000 00:00 0 
7f978ebf8000-7f978ecf6000 rw-p 00000000 00:00 0                          [stack:3159]
7f978ecf6000-7f978ecf9000 ---p 00000000 00:00 0 
7f978ecf9000-7f978edf7000 rw-p 00000000 00:00 0                          [stack:11637]
7f978edf7000-7f978edfa000 ---p 00000000 00:00 0 
7f978edfa000-7f978eef8000 rw-p 00000000 00:00 0                          [stack:3145]
7f978eef8000-7f978eefb000 ---p 00000000 00:00 0 
7f978eefb000-7f978eff9000 rw-p 00000000 00:00 0                          [stack:3144]
7f978eff9000-7f978effc000 ---p 00000000 00:00 0 
7f978effc000-7f978f0fa000 rw-p 00000000 00:00 0                          [stack:3063]
7f978f0fa000-7f978f0fd000 ---p 00000000 00:00 0 
7f978f0fd000-7f978f1fb000 rw-p 00000000 00:00 0                          [stack:3062]
7f978f1fb000-7f978f1fe000 ---p 00000000 00:00 0 
7f978f1fe000-7f978f2fc000 rw-p 00000000 00:00 0                          [stack:3061]
7f978f2fc000-7f978f2ff000 ---p 00000000 00:00 0 
7f978f2ff000-7f978f3fd000 rw-p 00000000 00:00 0                          [stack:3059]
7f978f3fd000-7f978f400000 ---p 00000000 00:00 0 
7f978f400000-7f978f4fe000 rw-p 00000000 00:00 0                          [stack:3420]
7f978f4fe000-7f978f501000 ---p 00000000 00:00 0 
7f978f501000-7f9790000000 rw-p 00000000 00:00 0                          [stack:12242]
7f9790000000-7f9794000000 rw-p 00000000 00:00 0 
7f9794000000-7f979429a000 rw-p 00000000 00:00 0 
7f979429a000-7f9798000000 ---p 00000000 00:00 0 
7f9798000000-7f9798498000 rw-p 00000000 00:00 0 
7f9798498000-7f979c000000 ---p 00000000 00:00 0 
7f979c000000-7f979c07f000 rw-p 00000000 00:00 0 
7f979c07f000-7f97a0000000 ---p 00000000 00:00 0 
7f97a0000000-7f97a0141000 rw-p 00000000 00:00 0 
7f97a0141000-7f97a4000000 ---p 00000000 00:00 0 
7f97a4000000-7f97a404a000 rw-p 00000000 00:00 0 
7f97a404a000-7f97a8000000 ---p 00000000 00:00 0 
7f97a8000000-7f97a8023000 rw-p 00000000 00:00 0 
7f97a8023000-7f97ac000000 ---p 00000000 00:00 0 
7f97ac000000-7f97ac042000 rw-p 00000000 00:00 0 
7f97ac042000-7f97b0000000 ---p 00000000 00:00 0 
7f97b0000000-7f97b00a8000 rw-p 00000000 00:00 0 
7f97b00a8000-7f97b4000000 ---p 00000000 00:00 0 
7f97b4000000-7f97b43d1000 rw-p 00000000 00:00 0 
7f97b43d1000-7f97b8000000 ---p 00000000 00:00 0 
7f97b8000000-7f97b8021000 rw-p 00000000 00:00 0 
7f97b8021000-7f97bc000000 ---p 00000000 00:00 0 
7f97bc000000-7f97bc369000 rw-p 00000000 00:00 0 
7f97bc369000-7f97c0000000 ---p 00000000 00:00 0 
7f97c0000000-7f97c0594000 rw-p 00000000 00:00 0 
7f97c0594000-7f97c4000000 ---p 00000000 00:00 0 
7f97c4000000-7f97c4206000 rw-p 00000000 00:00 0 
7f97c4206000-7f97c8000000 ---p 00000000 00:00 0 
7f97c8000000-7f97c806c000 rw-p 00000000 00:00 0 
7f97c806c000-7f97cc000000 ---p 00000000 00:00 0 
7f97cc010000-7f97cc013000 ---p 00000000 00:00 0 
7f97cc013000-7f97cc111000 rw-p 00000000 00:00 0                          [stack:12236]
7f97cc111000-7f97cc112000 r-xp 00000000 08:09 22725389                   /usr/lib/jvm/java-7-oracle/jre/lib/amd64/libjawt.so
7f97cc112000-7f97cc311000 ---p 00001000 08:09 22725389                   /usr/lib/jvm/java-7-oracle/jre/lib/amd64/libjawt.so
7f97cc311000-7f97cc312000 rw-p 00000000 08:09 22725389                   /usr/lib/jvm/java-7-oracle/jre/lib/amd64/libjawt.so
7f97cc34d000-7f97cc3c6000 r--s 00d07000 08:09 19176130                   /home/leandrodiel/idea-IU-141.2735.5/plugins/Groovy/lib/Groovy.jar
7f97cc46c000-7f97cc489000 r--s 0033d000 08:09 22328087                   /home/leandrodiel/idea-IU-141.2735.5/plugins/uiDesigner/lib/uiDesigner.jar
7f97cc489000-7f97cc49d000 r--s 0054d000 08:09 19176173                   /home/leandrodiel/idea-IU-141.2735.5/plugins/JSF/lib/jsf-support.jar
7f97cc4dc000-7f97cc4df000 ---p 00000000 00:00 0 
7f97cc4df000-7f97cc5dd000 rw-p 00000000 00:00 0                          [stack:11636]
7f97cc5dd000-7f97cc5fb000 r--s 0035f000 08:09 19176125                   /home/leandrodiel/idea-IU-141.2735.5/plugins/Grails/lib/grails_integration.jar
7f97cc65b000-7f97cc664000 r--s 00113000 08:09 21933769                   /home/leandrodiel/idea-IU-141.2735.5/plugins/javaFX/lib/javaFX.jar
7f97cc664000-7f97cc688000 r--s 00519000 08:09 20628371                   /home/leandrodiel/idea-IU-141.2735.5/plugins/Spring/lib/spring.jar
7f97cc712000-7f97cc715000 ---p 00000000 00:00 0 
7f97cc715000-7f97cc813000 rw-p 00000000 00:00 0                          [stack:12243]
7f97cc813000-7f97cc816000 ---p 00000000 00:00 0 
7f97cc816000-7f97cc914000 rw-p 00000000 00:00 0                          [stack:3022]
7f97cc914000-7f97cc91b000 r--s 00113000 08:09 20356203                   /home/leandrodiel/idea-IU-141.2735.5/plugins/SpringSecurity/lib/SpringSecurity.jar
7f97cc95d000-7f97cc95f000 r--s 00006000 08:09 21674304                   /home/leandrodiel/idea-IU-141.2735.5/plugins/devkit/lib/devkit-jps-plugin.jar
7f97cc98d000-7f97cc990000 ---p 00000000 00:00 0 
7f97cc990000-7f97cca8e000 rw-p 00000000 00:00 0                          [stack:10598]
7f97cca8e000-7f97cca91000 ---p 00000000 00:00 0 
7f97cca91000-7f97ccb8f000 rw-p 00000000 00:00 0                          [stack:3019]
7f97ccb8f000-7f97ccb97000 r--s 0008f000 08:09 19441208                   /home/leandrodiel/idea-IU-141.2735.5/plugins/SpringBoot/lib/SpringBoot.jar
7f97ccbc7000-7f97ccc30000 r-xp 00000000 08:09 22725376                   /usr/lib/jvm/java-7-oracle/jre/lib/amd64/libt2k.so
7f97ccc30000-7f97cce2f000 ---p 00069000 08:09 22725376                   /usr/lib/jvm/java-7-oracle/jre/lib/amd64/libt2k.so
7f97cce2f000-7f97cce36000 rw-p 00068000 08:09 22725376                   /usr/lib/jvm/java-7-oracle/jre/lib/amd64/libt2k.so
7f97cce36000-7f97cce46000 rw-p 00000000 00:00 0 
7f97cce46000-7f97cce5d000 r-xp 00000000 08:09 28104195                   /lib/x86_64-linux-gnu/libresolv-2.19.so
7f97cce5d000-7f97cd05d000 ---p 00017000 08:09 28104195                   /lib/x86_64-linux-gnu/libresolv-2.19.so
7f97cd05d000-7f97cd05e000 r--p 00017000 08:09 28104195                   /lib/x86_64-linux-gnu/libresolv-2.19.so
7f97cd05e000-7f97cd05f000 rw-p 00018000 08:09 28104195                   /lib/x86_64-linux-gnu/libresolv-2.19.so
7f97cd05f000-7f97cd061000 rw-p 00000000 00:00 0 
7f97cd061000-7f97cd066000 r-xp 00000000 08:09 28104245                   /lib/x86_64-linux-gnu/libnss_dns-2.19.so
7f97cd066000-7f97cd265000 ---p 00005000 08:09 28104245                   /lib/x86_64-linux-gnu/libnss_dns-2.19.so
7f97cd265000-7f97cd266000 r--p 00004000 08:09 28104245                   /lib/x86_64-linux-gnu/libnss_dns-2.19.so
7f97cd266000-7f97cd267000 rw-p 00005000 08:09 28104245                   /lib/x86_64-linux-gnu/libnss_dns-2.19.so
7f97cd267000-7f97cd269000 r-xp 00000000 08:09 28104522                   /lib/x86_64-linux-gnu/libnss_mdns4_minimal.so.2
7f97cd269000-7f97cd468000 ---p 00002000 08:09 28104522                   /lib/x86_64-linux-gnu/libnss_mdns4_minimal.so.2
7f97cd468000-7f97cd469000 r--p 00001000 08:09 28104522                   /lib/x86_64-linux-gnu/libnss_mdns4_minimal.so.2
7f97cd469000-7f97cd46a000 rw-p 00002000 08:09 28104522                   /lib/x86_64-linux-gnu/libnss_mdns4_minimal.so.2
7f97cd46a000-7f97cd46d000 ---p 00000000 00:00 0 
7f97cd46d000-7f97cd56b000 rw-p 00000000 00:00 0                          [stack:3002]
7f97cd56b000-7f97cd5cc000 r-xp 00000000 08:09 22725362                   /usr/lib/jvm/java-7-oracle/jre/lib/amd64/libsplashscreen.so
7f97cd5cc000-7f97cd7cb000 ---p 00061000 08:09 22725362                   /usr/lib/jvm/java-7-oracle/jre/lib/amd64/libsplashscreen.so
7f97cd7cb000-7f97cd7cc000 rw-p 00060000 08:09 22725362                   /usr/lib/jvm/java-7-oracle/jre/lib/amd64/libsplashscreen.so
7f97cd7cc000-7f97cd7cf000 rw-p 00000000 00:00 0 
7f97cd7cf000-7f97cd801000 r-xp 00000000 08:09 22725351                   /usr/lib/jvm/java-7-oracle/jre/lib/amd64/libsunec.so
7f97cd801000-7f97cda00000 ---p 00032000 08:09 22725351                   /usr/lib/jvm/java-7-oracle/jre/lib/amd64/libsunec.so
7f97cda00000-7f97cda06000 rw-p 00031000 08:09 22725351                   /usr/lib/jvm/java-7-oracle/jre/lib/amd64/libsunec.so
7f97cda06000-7f97cda16000 rw-p 00000000 00:00 0 
7f97cda16000-7f97cda19000 ---p 00000000 00:00 0 
7f97cda19000-7f97cdb17000 rw-p 00000000 00:00 0                          [stack:2999]
7f97cdb17000-7f97cdb1a000 ---p 00000000 00:00 0 
7f97cdb1a000-7f97cdc18000 rw-p 00000000 00:00 0                          [stack:2998]
7f97cdc18000-7f97cdc19000 r--s 00000000 08:09 788063                     /var/cache/fontconfig/c05880de57d1f5e948fdfacc138775d9-le64.cache-4
7f97cdc19000-7f97cdc24000 r--s 00000000 08:09 788057                     /var/cache/fontconfig/945677eb7aeaf62f1d50efc3fb3ec7d8-le64.cache-4
7f97cdc24000-7f97cdc2d000 r--s 00000000 08:09 793505                     /var/cache/fontconfig/a6d8cf8e4ec09cdbc8633c31745a07dd-le64.cache-4
7f97cdc2d000-7f97cdc33000 r--s 00000000 08:09 788043                     /var/cache/fontconfig/2cd17615ca594fa2959ae173292e504c-le64.cache-4
7f97cdc33000-7f97cdc34000 r--s 00000000 08:09 788073                     /var/cache/fontconfig/e7071f4a29fa870f4323321c154eba04-le64.cache-4
7f97cdc34000-7f97cdc35000 r--s 00000000 08:09 788040                     /var/cache/fontconfig/0d8c3b2ac0904cb8a57a757ad11a4a08-le64.cache-4
7f97cdc35000-7f97cdc3c000 r--s 00000000 08:09 788060                     /var/cache/fontconfig/a755afe4a08bf5b97852ceb7400b47bc-le64.cache-4
7f97cdc3c000-7f97cdc40000 r--s 00000000 08:09 799969                     /var/cache/fontconfig/de156ccd2eddbdc19d37a45b8b2aac9c-le64.cache-4
7f97cdc40000-7f97cdc54000 r--s 00000000 08:09 788038                     /var/cache/fontconfig/04aabc0a78ac019cf9454389977116d2-le64.cache-4
7f97cdc54000-7f97cdc55000 r--s 00000000 08:09 788042                     /var/cache/fontconfig/1ac9eb803944fde146138c791f5cc56a-le64.cache-4
7f97cdc55000-7f97cdc59000 r--s 00000000 08:09 788046                     /var/cache/fontconfig/385c0604a188198f04d133e54aba7fe7-le64.cache-4
7f97cdc59000-7f97cdc5a000 r--s 00000000 08:09 788070                     /var/cache/fontconfig/dc05db6664285cc2f12bf69c139ae4c3-le64.cache-4
7f97cdc5a000-7f97cdc5c000 r--s 00000000 08:09 788054                     /var/cache/fontconfig/767a8244fc0220cfb567a839d0392e0b-le64.cache-4
7f97cdc5c000-7f97cdc5d000 r--s 00000000 08:09 794417                     /var/cache/fontconfig/4794a0821666d79190d59a36cb4f44b5-le64.cache-4
7f97cdc5d000-7f97cdc62000 r--s 00000000 08:09 788056                     /var/cache/fontconfig/8801497958630a81b71ace7c5f9b32a8-le64.cache-4
7f97cdc62000-7f97cdc69000 r--s 00000000 08:09 788044                     /var/cache/fontconfig/3047814df9a2f067bd2d96a2b9c36e5a-le64.cache-4
7f97cdc69000-7f97cdc6f000 r--s 00000000 08:09 788061                     /var/cache/fontconfig/b47c4e1ecd0709278f4910c18777a504-le64.cache-4
7f97cdc6f000-7f97cdc82000 r--s 00000000 08:09 788067                     /var/cache/fontconfig/d52a8644073d54c13679302ca1180695-le64.cache-4
7f97cdc82000-7f97cdc8b000 r--s 00000000 08:09 792808                     /var/cache/fontconfig/3f7329c5293ffd510edef78f73874cfd-le64.cache-4
7f97cdc8e000-7f97cdcfe000 r--s 00f43000 08:09 19176208                   /home/leandrodiel/idea-IU-141.2735.5/plugins/JavaScriptLanguage/lib/JavaScriptLanguage.jar
7f97cdd88000-7f97cdd8b000 ---p 00000000 00:00 0 
7f97cdd8b000-7f97cde89000 rw-p 00000000 00:00 0                          [stack:2997]
7f97cde89000-7f97cde8c000 ---p 00000000 00:00 0 
7f97cde8c000-7f97cdf8a000 rw-p 00000000 00:00 0                          [stack:2996]
7f97cdf8a000-7f97cdf8d000 ---p 00000000 00:00 0 
7f97cdf8d000-7f97ce08b000 rw-p 00000000 00:00 0                          [stack:2995]
7f97ce08b000-7f97ce08e000 r--s 00019000 08:09 19441284                   /usr/lib/jvm/java-7-oracle/jre/lib/jce.jar
7f97ce08e000-7f97ce091000 ---p 00000000 00:00 0 
7f97ce091000-7f97ce18f000 rw-p 00000000 00:00 0                          [stack:2994]
7f97ce18f000-7f97ce192000 ---p 00000000 00:00 0 
7f97ce192000-7f97ce290000 rw-p 00000000 00:00 0                          [stack:2993]
7f97ce290000-7f97ce293000 ---p 00000000 00:00 0 
7f97ce293000-7f97ce391000 rw-p 00000000 00:00 0                          [stack:2992]
7f97ce3ba000-7f97ce3bd000 ---p 00000000 00:00 0 
7f97ce3bd000-7f97ce4bb000 rw-p 00000000 00:00 0                          [stack:8614]
7f97ce4c5000-7f97ce4c8000 ---p 00000000 00:00 0 
7f97ce4c8000-7f97ce5c6000 rw-p 00000000 00:00 0                          [stack:3118]
7f97ce5d0000-7f97ce63c000 r--s 00696000 08:09 18519725                   /home/leandrodiel/idea-IU-141.2735.5/lib/groovy-all-2.3.9.jar
7f97ce666000-7f97ce669000 ---p 00000000 00:00 0 
7f97ce669000-7f97ce767000 rw-p 00000000 00:00 0                          [stack:10613]
7f97ce7d3000-7f97ce7e9000 r-xp 00000000 08:09 28105198                   /lib/x86_64-linux-gnu/libgcc_s.so.1
7f97ce7e9000-7f97ce9e8000 ---p 00016000 08:09 28105198                   /lib/x86_64-linux-gnu/libgcc_s.so.1
7f97ce9e8000-7f97ce9e9000 rw-p 00015000 08:09 28105198                   /lib/x86_64-linux-gnu/libgcc_s.so.1
7f97ce9e9000-7f97ce9ea000 r--s 00000000 08:09 788050                     /var/cache/fontconfig/56cf4f4769d0f4abc89a4895d7bd3ae1-le64.cache-4
7f97ce9ea000-7f97ce9eb000 r--s 00000000 08:09 788062                     /var/cache/fontconfig/b9d506c9ac06c20b433354fa67a72993-le64.cache-4
7f97ce9eb000-7f97ce9ef000 r--s 00000000 08:09 788068                     /var/cache/fontconfig/d589a48862398ed80a3d6066f4f56f4c-le64.cache-4
7f97ce9ef000-7f97ce9f0000 r--s 00000000 08:09 788039                     /var/cache/fontconfig/0c9eb80ebd1c36541ebe2852d3bb0c49-le64.cache-4
7f97ce9f0000-7f97ce9f4000 r--s 00000000 08:09 799104                     /var/cache/fontconfig/0843ca893a93b5446bad221815920e23-le64.cache-4
7f97ce9f4000-7f97cea01000 r--s 00000000 08:09 790799                     /var/cache/fontconfig/e13b20fdb08344e0e664864cc2ede53d-le64.cache-4
7f97cea01000-7f97cea05000 r--s 00000000 08:09 794181                     /var/cache/fontconfig/7ef2298fde41cc6eeb7af42e48b7d293-le64.cache-4
7f97cea05000-7f97cea6a000 r-xp 00000000 08:09 22725352                   /usr/lib/jvm/java-7-oracle/jre/lib/amd64/libfontmanager.so
7f97cea6a000-7f97cec69000 ---p 00065000 08:09 22725352                   /usr/lib/jvm/java-7-oracle/jre/lib/amd64/libfontmanager.so
7f97cec69000-7f97cec6e000 rw-p 00064000 08:09 22725352                   /usr/lib/jvm/java-7-oracle/jre/lib/amd64/libfontmanager.so
7f97cec6e000-7f97cec7e000 rw-p 00000000 00:00 0 
7f97cec7e000-7f97cec81000 ---p 00000000 00:00 0 
7f97cec81000-7f97ced7f000 rw-p 00000000 00:00 0                          [stack:3000]
7f97ced7f000-7f97ced95000 r-xp 00000000 08:09 18257055                   /home/leandrodiel/.IntelliJIdea14/system/tmp/jna/jna2135189748510849196.tmp (deleted)
7f97ced95000-7f97cee94000 ---p 00016000 08:09 18257055                   /home/leandrodiel/.IntelliJIdea14/system/tmp/jna/jna2135189748510849196.tmp (deleted)
7f97cee94000-7f97cee96000 rw-p 00015000 08:09 18257055                   /home/leandrodiel/.IntelliJIdea14/system/tmp/jna/jna2135189748510849196.tmp (deleted)
7f97cee96000-7f97cee9a000 r--s 0008b000 08:09 19441288                   /usr/lib/jvm/java-7-oracle/jre/lib/jsse.jar
7f97cee9a000-7f97ceea2000 r-xp 00000000 08:09 22725386                   /usr/lib/jvm/java-7-oracle/jre/lib/amd64/libmanagement.so
7f97ceea2000-7f97cf0a1000 ---p 00008000 08:09 22725386                   /usr/lib/jvm/java-7-oracle/jre/lib/amd64/libmanagement.so
7f97cf0a1000-7f97cf0a2000 rw-p 00007000 08:09 22725386                   /usr/lib/jvm/java-7-oracle/jre/lib/amd64/libmanagement.so
7f97cf0a2000-7f97cf0a5000 ---p 00000000 00:00 0 
7f97cf0a5000-7f97cf1a3000 rw-p 00000000 00:00 0                          [stack:2990]
7f97cf1a3000-7f97cf1a6000 ---p 00000000 00:00 0 
7f97cf1a6000-7f97cf1dc000 rw-p 00000000 00:00 0                          [stack:2989]
7f97cf1dc000-7f97cf1dd000 r--p 00000000 00:00 0 
7f97cf277000-7f97cf27a000 ---p 00000000 00:00 0 
7f97cf27a000-7f97cf2b0000 rw-p 00000000 00:00 0                          [stack:4529]
7f97cf2b0000-7f97cf2e7000 r--s 002a6000 08:09 18519733                   /home/leandrodiel/idea-IU-141.2735.5/lib/icons.jar
7f97cf2ea000-7f97cf302000 r--s 00e73000 08:09 18519788                   /home/leandrodiel/idea-IU-141.2735.5/lib/resources_en.jar
7f97cf324000-7f97cf327000 ---p 00000000 00:00 0 
7f97cf327000-7f97cf35d000 rw-p 00000000 00:00 0                          [stack:11823]
7f97cf3c5000-7f97cf3c8000 ---p 00000000 00:00 0 
7f97cf3c8000-7f97cf4c6000 rw-p 00000000 00:00 0                          [stack:3021]
7f97cf4c6000-7f97cf4c9000 ---p 00000000 00:00 0 
7f97cf4c9000-7f97cf5c7000 rw-p 00000000 00:00 0                          [stack:2982]
7f97cf5c7000-7f97cf5cc000 r-xp 00000000 08:09 19176624                   /usr/lib/x86_64-linux-gnu/libXfixes.so.3.1.0
7f97cf5cc000-7f97cf7cb000 ---p 00005000 08:09 19176624                   /usr/lib/x86_64-linux-gnu/libXfixes.so.3.1.0
7f97cf7cb000-7f97cf7cc000 r--p 00004000 08:09 19176624                   /usr/lib/x86_64-linux-gnu/libXfixes.so.3.1.0
7f97cf7cc000-7f97cf7cd000 rw-p 00005000 08:09 19176624                   /usr/lib/x86_64-linux-gnu/libXfixes.so.3.1.0
7f97cf7cd000-7f97cf7d6000 r-xp 00000000 08:09 19181644                   /usr/lib/x86_64-linux-gnu/libXcursor.so.1.0.2
7f97cf7d6000-7f97cf9d5000 ---p 00009000 08:09 19181644                   /usr/lib/x86_64-linux-gnu/libXcursor.so.1.0.2
7f97cf9d5000-7f97cf9d6000 r--p 00008000 08:09 19181644                   /usr/lib/x86_64-linux-gnu/libXcursor.so.1.0.2
7f97cf9d6000-7f97cf9d7000 rw-p 00009000 08:09 19181644                   /usr/lib/x86_64-linux-gnu/libXcursor.so.1.0.2
7f97cf9d7000-7f97cf9dc000 r-xp 00000000 08:09 19181648                   /usr/lib/x86_64-linux-gnu/libXdmcp.so.6.0.0
7f97cf9dc000-7f97cfbdb000 ---p 00005000 08:09 19181648                   /usr/lib/x86_64-linux-gnu/libXdmcp.so.6.0.0
7f97cfbdb000-7f97cfbdc000 r--p 00004000 08:09 19181648                   /usr/lib/x86_64-linux-gnu/libXdmcp.so.6.0.0
7f97cfbdc000-7f97cfbdd000 rw-p 00005000 08:09 19181648                   /usr/lib/x86_64-linux-gnu/libXdmcp.so.6.0.0
7f97cfbdd000-7f97cfbdf000 r-xp 00000000 08:09 19181637                   /usr/lib/x86_64-linux-gnu/libXau.so.6.0.0
7f97cfbdf000-7f97cfddf000 ---p 00002000 08:09 19181637                   /usr/lib/x86_64-linux-gnu/libXau.so.6.0.0
7f97cfddf000-7f97cfde0000 r--p 00002000 08:09 19181637                   /usr/lib/x86_64-linux-gnu/libXau.so.6.0.0
7f97cfde0000-7f97cfde1000 rw-p 00003000 08:09 19181637                   /usr/lib/x86_64-linux-gnu/libXau.so.6.0.0
7f97cfde1000-7f97cfdfe000 r-xp 00000000 08:09 19182705                   /usr/lib/x86_64-linux-gnu/libxcb.so.1.1.0
7f97cfdfe000-7f97cfffe000 ---p 0001d000 08:09 19182705                   /usr/lib/x86_64-linux-gnu/libxcb.so.1.1.0
7f97cfffe000-7f97cffff000 r--p 0001d000 08:09 19182705                   /usr/lib/x86_64-linux-gnu/libxcb.so.1.1.0
7f97cffff000-7f97d0000000 rw-p 0001e000 08:09 19182705                   /usr/lib/x86_64-linux-gnu/libxcb.so.1.1.0
7f97d0000000-7f97d03c0000 rw-p 00000000 00:00 0 
7f97d03c0000-7f97d4000000 ---p 00000000 00:00 0 
7f97d4000000-7f97d4570000 rw-p 00000000 00:00 0 
7f97d4570000-7f97d8000000 ---p 00000000 00:00 0 
7f97d8000000-7f97da869000 rw-p 00000000 00:00 0 
7f97da869000-7f97dc000000 ---p 00000000 00:00 0 
7f97dc000000-7f97dc0ca000 rw-p 00000000 00:00 0 
7f97dc0ca000-7f97e0000000 ---p 00000000 00:00 0 
7f97e0000000-7f97e0787000 rw-p 00000000 00:00 0 
7f97e0787000-7f97e4000000 ---p 00000000 00:00 0 
7f97e4000000-7f97e687a000 rw-p 00000000 00:00 0 
7f97e687a000-7f97e8000000 ---p 00000000 00:00 0 
7f97e8000000-7f97e8034000 rw-p 00000000 00:00 0 
7f97e8034000-7f97ec000000 ---p 00000000 00:00 0 
7f97ec000000-7f97ec639000 rw-p 00000000 00:00 0 
7f97ec639000-7f97f0000000 ---p 00000000 00:00 0 
7f97f0000000-7f97f075c000 rw-p 00000000 00:00 0 
7f97f075c000-7f97f4000000 ---p 00000000 00:00 0 
7f97f4000000-7f97f4054000 rw-p 00000000 00:00 0 
7f97f4054000-7f97f8000000 ---p 00000000 00:00 0 
7f97f8000000-7f97f84cf000 rw-p 00000000 00:00 0 
7f97f84cf000-7f97fc000000 ---p 00000000 00:00 0 
7f97fc000000-7f97fc352000 rw-p 00000000 00:00 0 
7f97fc352000-7f9800000000 ---p 00000000 00:00 0 
7f980000f000-7f9800012000 ---p 00000000 00:00 0 
7f9800012000-7f9800048000 rw-p 00000000 00:00 0 
7f9800048000-7f980004b000 ---p 00000000 00:00 0 
7f980004b000-7f9800149000 rw-p 00000000 00:00 0                          [stack:2981]
7f9800149000-7f980016f000 r--p 00000000 08:09 20885146                   /usr/share/locale-langpack/es/LC_MESSAGES/libc.mo
7f980016f000-7f980017e000 r-xp 00000000 08:09 19177626                   /usr/lib/x86_64-linux-gnu/libXi.so.6.1.0
7f980017e000-7f980037d000 ---p 0000f000 08:09 19177626                   /usr/lib/x86_64-linux-gnu/libXi.so.6.1.0
7f980037d000-7f980037e000 r--p 0000e000 08:09 19177626                   /usr/lib/x86_64-linux-gnu/libXi.so.6.1.0
7f980037e000-7f980037f000 rw-p 0000f000 08:09 19177626                   /usr/lib/x86_64-linux-gnu/libXi.so.6.1.0
7f980037f000-7f9800384000 r-xp 00000000 08:09 19181678                   /usr/lib/x86_64-linux-gnu/libXtst.so.6.1.0
7f9800384000-7f9800583000 ---p 00005000 08:09 19181678                   /usr/lib/x86_64-linux-gnu/libXtst.so.6.1.0
7f9800583000-7f9800584000 r--p 00004000 08:09 19181678                   /usr/lib/x86_64-linux-gnu/libXtst.so.6.1.0
7f9800584000-7f9800585000 rw-p 00005000 08:09 19181678                   /usr/lib/x86_64-linux-gnu/libXtst.so.6.1.0
7f9800585000-7f980058e000 r-xp 00000000 08:09 19177572                   /usr/lib/x86_64-linux-gnu/libXrender.so.1.3.0
7f980058e000-7f980078d000 ---p 00009000 08:09 19177572                   /usr/lib/x86_64-linux-gnu/libXrender.so.1.3.0
7f980078d000-7f980078e000 r--p 00008000 08:09 19177572                   /usr/lib/x86_64-linux-gnu/libXrender.so.1.3.0
7f980078e000-7f980078f000 rw-p 00009000 08:09 19177572                   /usr/lib/x86_64-linux-gnu/libXrender.so.1.3.0
7f980078f000-7f98008bf000 r-xp 00000000 08:09 19181633                   /usr/lib/x86_64-linux-gnu/libX11.so.6.3.0
7f98008bf000-7f9800abf000 ---p 00130000 08:09 19181633                   /usr/lib/x86_64-linux-gnu/libX11.so.6.3.0
7f9800abf000-7f9800ac0000 r--p 00130000 08:09 19181633                   /usr/lib/x86_64-linux-gnu/libX11.so.6.3.0
7f9800ac0000-7f9800ac4000 rw-p 00131000 08:09 19181633                   /usr/lib/x86_64-linux-gnu/libX11.so.6.3.0
7f9800ac4000-7f9800ad5000 r-xp 00000000 08:09 19176559                   /usr/lib/x86_64-linux-gnu/libXext.so.6.4.0
7f9800ad5000-7f9800cd4000 ---p 00011000 08:09 19176559                   /usr/lib/x86_64-linux-gnu/libXext.so.6.4.0
7f9800cd4000-7f9800cd5000 r--p 00010000 08:09 19176559                   /usr/lib/x86_64-linux-gnu/libXext.so.6.4.0
7f9800cd5000-7f9800cd6000 rw-p 00011000 08:09 19176559                   /usr/lib/x86_64-linux-gnu/libXext.so.6.4.0
7f9800ce1000-7f9800ceb000 r--s 00253000 08:09 19441293                   /usr/lib/jvm/java-7-oracle/jre/lib/resources.jar
7f9800ceb000-7f9800cf2000 r--s 00000000 08:09 19568019                   /usr/lib/x86_64-linux-gnu/gconv/gconv-modules.cache
7f9800cf2000-7f9800d42000 r-xp 00000000 08:09 22725360                   /usr/lib/jvm/java-7-oracle/jre/lib/amd64/xawt/libmawt.so
7f9800d42000-7f9800f42000 ---p 00050000 08:09 22725360                   /usr/lib/jvm/java-7-oracle/jre/lib/amd64/xawt/libmawt.so
7f9800f42000-7f9800f46000 rw-p 00050000 08:09 22725360                   /usr/lib/jvm/java-7-oracle/jre/lib/amd64/xawt/libmawt.so
7f9800f46000-7f9800f47000 rw-p 00000000 00:00 0 
7f9800f47000-7f9800fe9000 r-xp 00000000 08:09 22725390                   /usr/lib/jvm/java-7-oracle/jre/lib/amd64/libawt.so
7f9800fe9000-7f98011e9000 ---p 000a2000 08:09 22725390                   /usr/lib/jvm/java-7-oracle/jre/lib/amd64/libawt.so
7f98011e9000-7f98011f5000 rw-p 000a2000 08:09 22725390                   /usr/lib/jvm/java-7-oracle/jre/lib/amd64/libawt.so
7f98011f5000-7f9801219000 rw-p 00000000 00:00 0 
7f9801219000-7f9801224000 r--s 0037c000 08:09 19441283                   /usr/lib/jvm/java-7-oracle/jre/lib/charsets.jar
7f9801224000-7f98012c9000 rw-p 00000000 00:00 0 
7f98012c9000-7f980170a000 r--s 0702b000 08:09 18519735                   /home/leandrodiel/idea-IU-141.2735.5/lib/idea.jar
7f9801719000-7f980172a000 r--s 001c2000 08:09 18519736                   /home/leandrodiel/idea-IU-141.2735.5/lib/ideax.jar
7f9801737000-7f980173b000 r--s 0006f000 08:09 18519709                   /home/leandrodiel/idea-IU-141.2735.5/lib/automaton.jar
7f9801787000-7f9801877000 r--s 0136a000 08:09 18519778                   /home/leandrodiel/idea-IU-141.2735.5/lib/openapi.jar
7f9801877000-7f9801879000 r--s 0000a000 08:09 21933768                   /home/leandrodiel/idea-IU-141.2735.5/plugins/javaFX/lib/javaFX-jps-plugin.jar
7f9801879000-7f980187c000 r--s 0002d000 08:09 19176095                   /home/leandrodiel/idea-IU-141.2735.5/plugins/GWTStudio/lib/gwt-jps-plugin.jar
7f98018a1000-7f98018a2000 r--s 0000b000 08:09 19176118                   /home/leandrodiel/idea-IU-141.2735.5/plugins/GoogleAppEngine/lib/google-app-engine-jps-plugin.jar
7f98018a2000-7f98018a3000 r--s 00004000 08:09 21674311                   /home/leandrodiel/idea-IU-141.2735.5/plugins/dmServer/lib/dmServer-jps-plugin.jar
7f98018aa000-7f98018ac000 r--s 00016000 08:09 21803758                   /home/leandrodiel/idea-IU-141.2735.5/plugins/gradle/lib/gradle-jps-plugin.jar
7f98018ac000-7f98018b1000 r--s 0007a000 08:09 21803720                   /home/leandrodiel/idea-IU-141.2735.5/plugins/flex/lib/flex-shared.jar
7f98018b1000-7f98018b4000 r--s 00351000 08:09 18519787                   /home/leandrodiel/idea-IU-141.2735.5/lib/resources.jar
7f98018b4000-7f98018b6000 r--s 00022000 08:09 21146294                   /home/leandrodiel/idea-IU-141.2735.5/plugins/aspectj/lib/aspectj-jps-plugin.jar
7f98018b6000-7f98018b8000 r--s 00023000 08:09 22064415                   /home/leandrodiel/idea-IU-141.2735.5/plugins/osmorc/lib/osmorc-jps-plugin.jar
7f98018b8000-7f98018ba000 r--s 0001d000 08:09 21933800                   /home/leandrodiel/idea-IU-141.2735.5/plugins/maven/lib/maven-jps-plugin.jar
7f98018ba000-7f98018bc000 r--s 00008000 08:09 21803703                   /home/leandrodiel/idea-IU-141.2735.5/plugins/eclipse/lib/eclipse-jps-plugin.jar
7f98018bc000-7f98018be000 r--s 00025000 08:09 19176135                   /home/leandrodiel/idea-IU-141.2735.5/plugins/Groovy/lib/groovy-jps-plugin.jar
7f98018be000-7f98018c0000 r--s 0000d000 08:09 19176164                   /home/leandrodiel/idea-IU-141.2735.5/plugins/IntelliLang/lib/intellilang-jps-plugin.jar
7f98018c0000-7f98018c2000 r--s 00013000 08:09 20630939                   /home/leandrodiel/idea-IU-141.2735.5/plugins/ant/lib/ant-jps-plugin.jar
7f98018d6000-7f98018e4000 r--s 00110000 08:09 20628365                   /home/leandrodiel/idea-IU-141.2735.5/plugins/Spring/lib/spring-api.jar
7f98018e4000-7f98018ed000 r--s 00118000 08:09 19176163                   /home/leandrodiel/idea-IU-141.2735.5/plugins/IntelliLang/lib/IntelliLang.jar
7f98018f2000-7f980190b000 r--p 00000000 08:09 20885045                   /usr/share/locale-langpack/es/LC_MESSAGES/glib20.mo
7f980190b000-7f980190e000 ---p 00000000 00:00 0 
7f980190e000-7f9801944000 rw-p 00000000 00:00 0                          [stack:11598]
7f9801944000-7f980195c000 r--s 00277000 08:09 18519805                   /home/leandrodiel/idea-IU-141.2735.5/lib/xerces.jar
7f980195e000-7f980196b000 r--s 000ab000 08:09 18519802                   /home/leandrodiel/idea-IU-141.2735.5/lib/velocity.jar
7f980196b000-7f98019d6000 r--s 00e21000 08:09 19964515                   /usr/lib/jvm/java-7-oracle/lib/tools.jar
7f98019d6000-7f98019d9000 ---p 00000000 00:00 0 
7f98019d9000-7f9801ad7000 rw-p 00000000 00:00 0                          [stack:2793]
7f9801ad7000-7f9801aee000 r-xp 00000000 08:09 22725365                   /usr/lib/jvm/java-7-oracle/jre/lib/amd64/libnet.so
7f9801aee000-7f9801ced000 ---p 00017000 08:09 22725365                   /usr/lib/jvm/java-7-oracle/jre/lib/amd64/libnet.so
7f9801ced000-7f9801cee000 rw-p 00016000 08:09 22725365                   /usr/lib/jvm/java-7-oracle/jre/lib/amd64/libnet.so
7f9801cee000-7f9801cfe000 r-xp 00000000 08:09 22725393                   /usr/lib/jvm/java-7-oracle/jre/lib/amd64/libnio.so
7f9801cfe000-7f9801efe000 ---p 00010000 08:09 22725393                   /usr/lib/jvm/java-7-oracle/jre/lib/amd64/libnio.so
7f9801efe000-7f9801eff000 rw-p 00010000 08:09 22725393                   /usr/lib/jvm/java-7-oracle/jre/lib/amd64/libnio.so
7f9801eff000-7f9801f00000 ---p 00000000 00:00 0 
7f9801f00000-7f9804000000 rw-p 00000000 00:00 0                          [stack:2714]
7f9804000000-7f9804562000 rw-p 00000000 00:00 0 
7f9804562000-7f9808000000 ---p 00000000 00:00 0 
7f9808000000-7f9808218000 rw-p 00000000 00:00 0 
7f9808218000-7f980c000000 ---p 00000000 00:00 0 
7f980c000000-7f980c162000 rw-p 00000000 00:00 0 
7f980c162000-7f9810000000 ---p 00000000 00:00 0 
7f9810006000-7f981000e000 r--s 000c1000 08:09 18519755                   /home/leandrodiel/idea-IU-141.2735.5/lib/jps-model.jar
7f9810010000-7f9810014000 r--s 0028a000 08:09 18519753                   /home/leandrodiel/idea-IU-141.2735.5/lib/jna.jar
7f9810018000-7f981001c000 r--s 000f7000 08:09 22725254                   /usr/lib/jvm/java-7-oracle/jre/lib/ext/localedata.jar
7f981001c000-7f9810025000 r--s 000ea000 08:09 18519770                   /home/leandrodiel/idea-IU-141.2735.5/lib/log4j.jar
7f9810025000-7f9810056000 rw-p 00000000 00:00 0 
7f9810056000-7f9810080000 r--s 004d2000 08:09 18519801                   /home/leandrodiel/idea-IU-141.2735.5/lib/util.jar
7f9810080000-7f9810083000 ---p 00000000 00:00 0 
7f9810083000-7f9810181000 rw-p 00000000 00:00 0                          [stack:2713]
7f9810181000-7f9810184000 ---p 00000000 00:00 0 
7f9810184000-7f9810282000 rw-p 00000000 00:00 0                          [stack:2712]
7f9810282000-7f9810285000 ---p 00000000 00:00 0 
7f9810285000-7f9810383000 rw-p 00000000 00:00 0                          [stack:2711]
7f9810383000-7f9810386000 ---p 00000000 00:00 0 
7f9810386000-7f9810484000 rw-p 00000000 00:00 0                          [stack:2710]
7f9810484000-7f9810487000 ---p 00000000 00:00 0 
7f9810487000-7f9810585000 rw-p 00000000 00:00 0                          [stack:2709]
7f9810585000-7f9810c67000 r--p 00000000 08:09 19180669                   /usr/lib/locale/locale-archive
7f9810c67000-7f9810c6a000 ---p 00000000 00:00 0 
7f9810c6a000-7f9810d68000 rw-p 00000000 00:00 0                          [stack:2708]
7f9810d68000-7f9810d6b000 ---p 00000000 00:00 0 
7f9810d6b000-7f9810e69000 rw-p 00000000 00:00 0                          [stack:2707]
7f9810e69000-7f9810e6a000 ---p 00000000 00:00 0 
7f9810e6a000-7f9810f6a000 rw-p 00000000 00:00 0                          [stack:2706]
7f9810f6a000-7f981112a000 r--s 039fb000 08:09 19441297                   /usr/lib/jvm/java-7-oracle/jre/lib/rt.jar
7f981112a000-7f98111fb000 rw-p 00000000 00:00 0 
7f98111fb000-7f98111fc000 ---p 00000000 00:00 0 
7f98111fc000-7f9811f00000 rw-p 00000000 00:00 0                          [stack:2705]
7f9811f00000-7f9814590000 rwxp 00000000 00:00 0 
7f9814590000-7f98204a2000 rw-p 00000000 00:00 0 
7f98204a2000-7f9824000000 ---p 00000000 00:00 0 
7f9824001000-7f9824005000 r--s 0002d000 08:09 22725253                   /usr/lib/jvm/java-7-oracle/jre/lib/ext/sunjce_provider.jar
7f9824005000-7f9824efc000 rw-p 00000000 00:00 0 
7f9824efc000-7f982537d000 rw-p 00000000 00:00 0 
7f982537d000-7f9825477000 rw-p 00000000 00:00 0 
7f9825477000-7f982551a000 rw-p 00000000 00:00 0 
7f982551a000-7f9825526000 rw-p 00000000 00:00 0 
7f9825526000-7f9825527000 rw-p 00000000 00:00 0 
7f9825527000-7f9825528000 ---p 00000000 00:00 0 
7f9825528000-7f9825628000 rw-p 00000000 00:00 0                          [stack:2701]
7f9825628000-7f9825629000 ---p 00000000 00:00 0 
7f9825629000-7f9825729000 rw-p 00000000 00:00 0                          [stack:2700]
7f9825729000-7f982572a000 ---p 00000000 00:00 0 
7f982572a000-7f982582a000 rw-p 00000000 00:00 0                          [stack:2699]
7f982582a000-7f982582b000 ---p 00000000 00:00 0 
7f982582b000-7f98259c6000 rw-p 00000000 00:00 0                          [stack:2698]
7f98259c6000-7f9825caf000 rw-p 00000000 00:00 0 
7f9825caf000-7f9825cc6000 r-xp 00000000 08:09 22725374                   /usr/lib/jvm/java-7-oracle/jre/lib/amd64/libzip.so
7f9825cc6000-7f9825ec6000 ---p 00017000 08:09 22725374                   /usr/lib/jvm/java-7-oracle/jre/lib/amd64/libzip.so
7f9825ec6000-7f9825ec7000 rw-p 00017000 08:09 22725374                   /usr/lib/jvm/java-7-oracle/jre/lib/amd64/libzip.so
7f9825ec7000-7f9825ed2000 r-xp 00000000 08:09 28104251                   /lib/x86_64-linux-gnu/libnss_files-2.19.so
7f9825ed2000-7f98260d1000 ---p 0000b000 08:09 28104251                   /lib/x86_64-linux-gnu/libnss_files-2.19.so
7f98260d1000-7f98260d2000 r--p 0000a000 08:09 28104251                   /lib/x86_64-linux-gnu/libnss_files-2.19.so
7f98260d2000-7f98260d3000 rw-p 0000b000 08:09 28104251                   /lib/x86_64-linux-gnu/libnss_files-2.19.so
7f98260d3000-7f98260de000 r-xp 00000000 08:09 28104243                   /lib/x86_64-linux-gnu/libnss_nis-2.19.so
7f98260de000-7f98262dd000 ---p 0000b000 08:09 28104243                   /lib/x86_64-linux-gnu/libnss_nis-2.19.so
7f98262dd000-7f98262de000 r--p 0000a000 08:09 28104243                   /lib/x86_64-linux-gnu/libnss_nis-2.19.so
7f98262de000-7f98262df000 rw-p 0000b000 08:09 28104243                   /lib/x86_64-linux-gnu/libnss_nis-2.19.so
7f98262df000-7f98262f6000 r-xp 00000000 08:09 28104239                   /lib/x86_64-linux-gnu/libnsl-2.19.so
7f98262f6000-7f98264f5000 ---p 00017000 08:09 28104239                   /lib/x86_64-linux-gnu/libnsl-2.19.so
7f98264f5000-7f98264f6000 r--p 00016000 08:09 28104239                   /lib/x86_64-linux-gnu/libnsl-2.19.so
7f98264f6000-7f98264f7000 rw-p 00017000 08:09 28104239                   /lib/x86_64-linux-gnu/libnsl-2.19.so
7f98264f7000-7f98264f9000 rw-p 00000000 00:00 0 
7f98264f9000-7f9826502000 r-xp 00000000 08:09 28104238                   /lib/x86_64-linux-gnu/libnss_compat-2.19.so
7f9826502000-7f9826701000 ---p 00009000 08:09 28104238                   /lib/x86_64-linux-gnu/libnss_compat-2.19.so
7f9826701000-7f9826702000 r--p 00008000 08:09 28104238                   /lib/x86_64-linux-gnu/libnss_compat-2.19.so
7f9826702000-7f9826703000 rw-p 00009000 08:09 28104238                   /lib/x86_64-linux-gnu/libnss_compat-2.19.so
7f9826703000-7f982672c000 r-xp 00000000 08:09 22725375                   /usr/lib/jvm/java-7-oracle/jre/lib/amd64/libjava.so
7f982672c000-7f982692c000 ---p 00029000 08:09 22725375                   /usr/lib/jvm/java-7-oracle/jre/lib/amd64/libjava.so
7f982692c000-7f982692e000 rw-p 00029000 08:09 22725375                   /usr/lib/jvm/java-7-oracle/jre/lib/amd64/libjava.so
7f982692e000-7f982693b000 r-xp 00000000 08:09 22725350                   /usr/lib/jvm/java-7-oracle/jre/lib/amd64/libverify.so
7f982693b000-7f9826b3a000 ---p 0000d000 08:09 22725350                   /usr/lib/jvm/java-7-oracle/jre/lib/amd64/libverify.so
7f9826b3a000-7f9826b3c000 rw-p 0000c000 08:09 22725350                   /usr/lib/jvm/java-7-oracle/jre/lib/amd64/libverify.so
7f9826b3c000-7f9826b43000 r-xp 00000000 08:09 28104247                   /lib/x86_64-linux-gnu/librt-2.19.so
7f9826b43000-7f9826d42000 ---p 00007000 08:09 28104247                   /lib/x86_64-linux-gnu/librt-2.19.so
7f9826d42000-7f9826d43000 r--p 00006000 08:09 28104247                   /lib/x86_64-linux-gnu/librt-2.19.so
7f9826d43000-7f9826d44000 rw-p 00007000 08:09 28104247                   /lib/x86_64-linux-gnu/librt-2.19.so
7f9826d44000-7f9826e49000 r-xp 00000000 08:09 28104233                   /lib/x86_64-linux-gnu/libm-2.19.so
7f9826e49000-7f9827048000 ---p 00105000 08:09 28104233                   /lib/x86_64-linux-gnu/libm-2.19.so
7f9827048000-7f9827049000 r--p 00104000 08:09 28104233                   /lib/x86_64-linux-gnu/libm-2.19.so
7f9827049000-7f982704a000 rw-p 00105000 08:09 28104233                   /lib/x86_64-linux-gnu/libm-2.19.so
7f982704a000-7f9827bc0000 r-xp 00000000 08:09 22725357                   /usr/lib/jvm/java-7-oracle/jre/lib/amd64/server/libjvm.so
7f9827bc0000-7f9827dbf000 ---p 00b76000 08:09 22725357                   /usr/lib/jvm/java-7-oracle/jre/lib/amd64/server/libjvm.so
7f9827dbf000-7f9827e83000 rw-p 00b75000 08:09 22725357                   /usr/lib/jvm/java-7-oracle/jre/lib/amd64/server/libjvm.so
7f9827e83000-7f9827ec4000 rw-p 00000000 00:00 0 
7f9827ec4000-7f982807f000 r-xp 00000000 08:09 28104248                   /lib/x86_64-linux-gnu/libc-2.19.so
7f982807f000-7f982827e000 ---p 001bb000 08:09 28104248                   /lib/x86_64-linux-gnu/libc-2.19.so
7f982827e000-7f9828282000 r--p 001ba000 08:09 28104248                   /lib/x86_64-linux-gnu/libc-2.19.so
7f9828282000-7f9828284000 rw-p 001be000 08:09 28104248                   /lib/x86_64-linux-gnu/libc-2.19.so
7f9828284000-7f9828289000 rw-p 00000000 00:00 0 
7f9828289000-7f982828c000 r-xp 00000000 08:09 28104235                   /lib/x86_64-linux-gnu/libdl-2.19.so
7f982828c000-7f982848b000 ---p 00003000 08:09 28104235                   /lib/x86_64-linux-gnu/libdl-2.19.so
7f982848b000-7f982848c000 r--p 00002000 08:09 28104235                   /lib/x86_64-linux-gnu/libdl-2.19.so
7f982848c000-7f982848d000 rw-p 00003000 08:09 28104235                   /lib/x86_64-linux-gnu/libdl-2.19.so
7f982848d000-7f98284a2000 r-xp 00000000 08:09 22726479                   /usr/lib/jvm/java-7-oracle/lib/amd64/jli/libjli.so
7f98284a2000-7f98286a1000 ---p 00015000 08:09 22726479                   /usr/lib/jvm/java-7-oracle/lib/amd64/jli/libjli.so
7f98286a1000-7f98286a2000 rw-p 00014000 08:09 22726479                   /usr/lib/jvm/java-7-oracle/lib/amd64/jli/libjli.so
7f98286a2000-7f98286bb000 r-xp 00000000 08:09 28104240                   /lib/x86_64-linux-gnu/libpthread-2.19.so
7f98286bb000-7f98288ba000 ---p 00019000 08:09 28104240                   /lib/x86_64-linux-gnu/libpthread-2.19.so
7f98288ba000-7f98288bb000 r--p 00018000 08:09 28104240                   /lib/x86_64-linux-gnu/libpthread-2.19.so
7f98288bb000-7f98288bc000 rw-p 00019000 08:09 28104240                   /lib/x86_64-linux-gnu/libpthread-2.19.so
7f98288bc000-7f98288c0000 rw-p 00000000 00:00 0 
7f98288c0000-7f98288e3000 r-xp 00000000 08:09 28104241                   /lib/x86_64-linux-gnu/ld-2.19.so
7f98288e7000-7f98289b2000 rw-p 00000000 00:00 0 
7f98289b2000-7f98289bf000 rw-p 00000000 00:00 0 
7f98289bf000-7f98289c2000 ---p 00000000 00:00 0 
7f98289c2000-7f9828ac4000 rw-p 00000000 00:00 0                          [stack:2697]
7f9828ac4000-7f9828ac5000 r--s 00003000 08:09 22725255                   /usr/lib/jvm/java-7-oracle/jre/lib/ext/sunec.jar
7f9828ac5000-7f9828acc000 r--s 000bb000 08:09 18519799                   /home/leandrodiel/idea-IU-141.2735.5/lib/trove4j.jar
7f9828acc000-7f9828acf000 r--s 0004d000 08:09 18519745                   /home/leandrodiel/idea-IU-141.2735.5/lib/jdom.jar
7f9828acf000-7f9828ad2000 r--s 00022000 08:09 18519720                   /home/leandrodiel/idea-IU-141.2735.5/lib/extensions.jar
7f9828ad2000-7f9828ad4000 r--s 00009000 08:09 18519712                   /home/leandrodiel/idea-IU-141.2735.5/lib/bootstrap.jar
7f9828ad4000-7f9828ad6000 r--s 00002000 08:09 18519711                   /home/leandrodiel/idea-IU-141.2735.5/lib/boot.jar
7f9828ad6000-7f9828ade000 rw-s 00000000 08:09 22851124                   /tmp/hsperfdata_leandrodiel/2696
7f9828ade000-7f9828adf000 rw-p 00000000 00:00 0 
7f9828adf000-7f9828ae0000 r--p 00000000 00:00 0 
7f9828ae0000-7f9828ae2000 rw-p 00000000 00:00 0 
7f9828ae2000-7f9828ae3000 r--p 00022000 08:09 28104241                   /lib/x86_64-linux-gnu/ld-2.19.so
7f9828ae3000-7f9828ae4000 rw-p 00023000 08:09 28104241                   /lib/x86_64-linux-gnu/ld-2.19.so
7f9828ae4000-7f9828ae5000 rw-p 00000000 00:00 0 
7fffef8a8000-7fffef8c9000 rw-p 00000000 00:00 0                          [stack]
7fffef915000-7fffef917000 r-xp 00000000 00:00 0                          [vdso]
7fffef917000-7fffef919000 r--p 00000000 00:00 0                          [vvar]
ffffffffff600000-ffffffffff601000 r-xp 00000000 00:00 0                  [vsyscall]

VM Arguments:
jvm_args: -Xbootclasspath/a:/home/leandrodiel/idea-IU-141.2735.5/bin/../lib/boot.jar -Xms128m -Xmx750m -XX:MaxPermSize=350m -XX:ReservedCodeCacheSize=225m -XX:+UseConcMarkSweepGC -XX:SoftRefLRUPolicyMSPerMB=50 -ea -Dsun.io.useCanonCaches=false -Djava.net.preferIPv4Stack=true -Dawt.useSystemAAFontSettings=lcd -Djb.vmOptionsFile=/home/leandrodiel/idea-IU-141.2735.5/bin/idea64.vmoptions -XX:ErrorFile=/home/leandrodiel/java_error_in_IDEA_%p.log -Djb.restart.code=88 -Didea.paths.selector=IntelliJIdea14 
java_command: com.intellij.idea.Main
Launcher Type: SUN_STANDARD

Environment Variables:
JAVA_HOME=/usr/lib/jvm/java-7-oracle
PATH=/home/leandrodiel/.sdkman/candidates/grails/current/bin:/home/leandrodiel/bin:/usr/local/sbin:/usr/local/bin:/usr/sbin:/usr/bin:/sbin:/bin:/usr/games:/usr/local/games:/usr/lib/jvm/java-7-oracle/bin:/usr/lib/jvm/java-7-oracle/db/bin:/usr/lib/jvm/java-7-oracle/jre/bin:/opt/grails/bin
LD_LIBRARY_PATH=/home/leandrodiel/idea-IU-141.2735.5/bin:
SHELL=/bin/bash
DISPLAY=:0.0

Signal Handlers:
SIGSEGV: [libjvm.so+0x9a3b20], sa_mask[0]=0x7ffbfeff, sa_flags=0x10000004
SIGBUS: [libjvm.so+0x9a3b20], sa_mask[0]=0x7ffbfeff, sa_flags=0x10000004
SIGFPE: [libjvm.so+0x81e740], sa_mask[0]=0x7ffbfeff, sa_flags=0x10000004
SIGPIPE: SIG_IGN, sa_mask[0]=0x00001000, sa_flags=0x10000000
SIGXFSZ: [libjvm.so+0x81e740], sa_mask[0]=0x7ffbfeff, sa_flags=0x10000004
SIGILL: [libjvm.so+0x81e740], sa_mask[0]=0x7ffbfeff, sa_flags=0x10000004
SIGUSR1: SIG_DFL, sa_mask[0]=0x00000000, sa_flags=0x00000000
SIGUSR2: [libjvm.so+0x81ffb0], sa_mask[0]=0x00000000, sa_flags=0x10000004
SIGHUP: [libjvm.so+0x8210d0], sa_mask[0]=0x7ffbfeff, sa_flags=0x10000004
SIGINT: [libjvm.so+0x8210d0], sa_mask[0]=0x7ffbfeff, sa_flags=0x10000004
SIGTERM: [libjvm.so+0x8210d0], sa_mask[0]=0x7ffbfeff, sa_flags=0x10000004
SIGQUIT: [libjvm.so+0x8210d0], sa_mask[0]=0x7ffbfeff, sa_flags=0x10000004


---------------  S Y S T E M  ---------------

OS:jessie/sid

uname:Linux 3.16.0-30-generic #40~14.04.1-Ubuntu SMP Thu Jan 15 17:43:14 UTC 2015 x86_64
libc:glibc 2.19 NPTL 2.19 
rlimit: STACK 8192k, CORE 0k, NPROC 15371, NOFILE 4096, AS infinity
load average:0,79 0,59 0,73

/proc/meminfo:
MemTotal:        3965248 kB
MemFree:          296860 kB
MemAvailable:     418244 kB
Buffers:           10848 kB
Cached:           334576 kB
SwapCached:        59932 kB
Active:          2682980 kB
Inactive:         745980 kB
Active(anon):    2516004 kB
Inactive(anon):   646144 kB
Active(file):     166976 kB
Inactive(file):    99836 kB
Unevictable:         116 kB
Mlocked:             116 kB
SwapTotal:       2097148 kB
SwapFree:         652548 kB
Dirty:                88 kB
Writeback:             0 kB
AnonPages:       3038828 kB
Mapped:           190816 kB
Shmem:             78416 kB
Slab:              84600 kB
SReclaimable:      46996 kB
SUnreclaim:        37604 kB
KernelStack:       14480 kB
PageTables:        52148 kB
NFS_Unstable:          0 kB
Bounce:                0 kB
WritebackTmp:          0 kB
CommitLimit:     4079772 kB
Committed_AS:   11372272 kB
VmallocTotal:   34359738367 kB
VmallocUsed:      553404 kB
VmallocChunk:   34359180652 kB
HardwareCorrupted:     0 kB
AnonHugePages:   1898496 kB
HugePages_Total:       0
HugePages_Free:        0
HugePages_Rsvd:        0
HugePages_Surp:        0
Hugepagesize:       2048 kB
DirectMap4k:       69436 kB
DirectMap2M:     1945600 kB
DirectMap1G:     2097152 kB


CPU:total 4 (2 cores per cpu, 2 threads per core) family 6 model 61 stepping 4, cmov, cx8, fxsr, mmx, sse, sse2, sse3, ssse3, sse4.1, sse4.2, popcnt, avx, avx2, aes, erms, ht, tsc, tscinvbit

/proc/cpuinfo:
processor	: 0
vendor_id	: GenuineIntel
cpu family	: 6
model		: 61
model name	: Intel(R) Core(TM) i5-5200U CPU @ 2.20GHz
stepping	: 4
microcode	: 0x1f
cpu MHz		: 802.742
cache size	: 3072 KB
physical id	: 0
siblings	: 4
core id		: 0
cpu cores	: 2
apicid		: 0
initial apicid	: 0
fpu		: yes
fpu_exception	: yes
cpuid level	: 20
wp		: yes
flags		: fpu vme de pse tsc msr pae mce cx8 apic sep mtrr pge mca cmov pat pse36 clflush dts acpi mmx fxsr sse sse2 ss ht tm pbe syscall nx pdpe1gb rdtscp lm constant_tsc arch_perfmon pebs bts rep_good nopl xtopology nonstop_tsc aperfmperf eagerfpu pni pclmulqdq dtes64 monitor ds_cpl vmx est tm2 ssse3 fma cx16 xtpr pdcm pcid sse4_1 sse4_2 x2apic movbe popcnt tsc_deadline_timer aes xsave avx f16c rdrand lahf_lm abm 3dnowprefetch ida arat epb xsaveopt pln pts dtherm tpr_shadow vnmi flexpriority ept vpid fsgsbase tsc_adjust bmi1 avx2 smep bmi2 erms invpcid rdseed adx smap
bogomips	: 4389.69
clflush size	: 64
cache_alignment	: 64
address sizes	: 39 bits physical, 48 bits virtual
power management:

processor	: 1
vendor_id	: GenuineIntel
cpu family	: 6
model		: 61
model name	: Intel(R) Core(TM) i5-5200U CPU @ 2.20GHz
stepping	: 4
microcode	: 0x1f
cpu MHz		: 2200.171
cache size	: 3072 KB
physical id	: 0
siblings	: 4
core id		: 1
cpu cores	: 2
apicid		: 2
initial apicid	: 2
fpu		: yes
fpu_exception	: yes
cpuid level	: 20
wp		: yes
flags		: fpu vme de pse tsc msr pae mce cx8 apic sep mtrr pge mca cmov pat pse36 clflush dts acpi mmx fxsr sse sse2 ss ht tm pbe syscall nx pdpe1gb rdtscp lm constant_tsc arch_perfmon pebs bts rep_good nopl xtopology nonstop_tsc aperfmperf eagerfpu pni pclmulqdq dtes64 monitor ds_cpl vmx est tm2 ssse3 fma cx16 xtpr pdcm pcid sse4_1 sse4_2 x2apic movbe popcnt tsc_deadline_timer aes xsave avx f16c rdrand lahf_lm abm 3dnowprefetch ida arat epb xsaveopt pln pts dtherm tpr_shadow vnmi flexpriority ept vpid fsgsbase tsc_adjust bmi1 avx2 smep bmi2 erms invpcid rdseed adx smap
bogomips	: 4389.69
clflush size	: 64
cache_alignment	: 64
address sizes	: 39 bits physical, 48 bits virtual
power management:

processor	: 2
vendor_id	: GenuineIntel
cpu family	: 6
model		: 61
model name	: Intel(R) Core(TM) i5-5200U CPU @ 2.20GHz
stepping	: 4
microcode	: 0x1f
cpu MHz		: 1533.898
cache size	: 3072 KB
physical id	: 0
siblings	: 4
core id		: 0
cpu cores	: 2
apicid		: 1
initial apicid	: 1
fpu		: yes
fpu_exception	: yes
cpuid level	: 20
wp		: yes
flags		: fpu vme de pse tsc msr pae mce cx8 apic sep mtrr pge mca cmov pat pse36 clflush dts acpi mmx fxsr sse sse2 ss ht tm pbe syscall nx pdpe1gb rdtscp lm constant_tsc arch_perfmon pebs bts rep_good nopl xtopology nonstop_tsc aperfmperf eagerfpu pni pclmulqdq dtes64 monitor ds_cpl vmx est tm2 ssse3 fma cx16 xtpr pdcm pcid sse4_1 sse4_2 x2apic movbe popcnt tsc_deadline_timer aes xsave avx f16c rdrand lahf_lm abm 3dnowprefetch ida arat epb xsaveopt pln pts dtherm tpr_shadow vnmi flexpriority ept vpid fsgsbase tsc_adjust bmi1 avx2 smep bmi2 erms invpcid rdseed adx smap
bogomips	: 4389.69
clflush size	: 64
cache_alignment	: 64
address sizes	: 39 bits physical, 48 bits virtual
power management:

processor	: 3
vendor_id	: GenuineIntel
cpu family	: 6
model		: 61
model name	: Intel(R) Core(TM) i5-5200U CPU @ 2.20GHz
stepping	: 4
microcode	: 0x1f
cpu MHz		: 2080.460
cache size	: 3072 KB
physical id	: 0
siblings	: 4
core id		: 1
cpu cores	: 2
apicid		: 3
initial apicid	: 3
fpu		: yes
fpu_exception	: yes
cpuid level	: 20
wp		: yes
flags		: fpu vme de pse tsc msr pae mce cx8 apic sep mtrr pge mca cmov pat pse36 clflush dts acpi mmx fxsr sse sse2 ss ht tm pbe syscall nx pdpe1gb rdtscp lm constant_tsc arch_perfmon pebs bts rep_good nopl xtopology nonstop_tsc aperfmperf eagerfpu pni pclmulqdq dtes64 monitor ds_cpl vmx est tm2 ssse3 fma cx16 xtpr pdcm pcid sse4_1 sse4_2 x2apic movbe popcnt tsc_deadline_timer aes xsave avx f16c rdrand lahf_lm abm 3dnowprefetch ida arat epb xsaveopt pln pts dtherm tpr_shadow vnmi flexpriority ept vpid fsgsbase tsc_adjust bmi1 avx2 smep bmi2 erms invpcid rdseed adx smap
bogomips	: 4389.69
clflush size	: 64
cache_alignment	: 64
address sizes	: 39 bits physical, 48 bits virtual
power management:



Memory: 4k page, physical 3965248k(296860k free), swap 2097148k(652548k free)

vm_info: Java HotSpot(TM) 64-Bit Server VM (24.80-b11) for linux-amd64 JRE (1.7.0_80-b15), built on Apr 10 2015 19:53:14 by "java_re" with gcc 4.3.0 20080428 (Red Hat 4.3.0-8)

time: Thu Apr  7 15:17:46 2016
elapsed time: 23283 seconds

